<?xml version="1.0" encoding="UTF-8"?>
<!-- Generated by org.testng.reporters.JUnitXMLReporter -->
<testsuite ignored="4" hostname="DESKTOP-BG83L86" failures="7" tests="59" name="Test" time="50.565" errors="0" timestamp="2024-05-22T17:37:10 IST">
  <testcase classname="in.task_erp_api.testcases.LoginEmployeeAPITestCases" name="verify_Login_Employee_By_Giving_Valid_Data" time="2.928"/>
  <testcase classname="in.task_erp_api.testcases.LoginEmployeeAPITestCases" name="verify_Login_Employee_By_Giving_Invalid_LoginId" time="0.566"/>
  <testcase classname="in.task_erp_api.testcases.LoginEmployeeAPITestCases" name="verify_Login_Employee_By_Giving_Invalid_Password" time="0.748"/>
  <testcase classname="in.task_erp_api.testcases.DepartmentFolderAPITestCases" name="verify_Add_Department_Without_Authorization" time="0.701"/>
  <testcase classname="in.task_erp_api.testcases.DepartmentFolderAPITestCases" name="verify_Get_User_Id_Without_Authorization" time="0.5"/>
  <testcase classname="in.task_erp_api.testcases.DepartmentFolderAPITestCases" name="verify_Get_All_Departments_Without_Authorization" time="0.507"/>
  <testcase classname="in.task_erp_api.testcases.DepartmentFolderAPITestCases" name="verify_Get_Employees_By_Department_Name_Without_Authorization" time="0.516"/>
  <testcase classname="in.task_erp_api.testcases.DepartmentFolderAPITestCases" name="verify_Get_All_Employees_By_Designation_Name_Without_Authorization" time="0.478"/>
  <testcase classname="in.task_erp_api.testcases.DepartmentFolderAPITestCases" name="verify_Get_All_Assignee_Without_Authorization" time="0.516"/>
  <testcase classname="in.task_erp_api.testcases.DepartmentFolderAPITestCases" name="verify_Get_Higher_Authority_Without_Authorization" time="0.562"/>
  <testcase classname="in.task_erp_api.testcases.DepartmentFolderAPITestCases" name="verify_Update_Department_Without_Authorization" time="1.079"/>
  <testcase classname="in.task_erp_api.testcases.DepartmentFolderAPITestCases" name="verify_Delete_Department_Without_Authorization" time="0.538"/>
  <testcase classname="in.task_erp_api.testcases.DepartmentFolderAPITestCases" name="verify_Get_All_Departments_With_Authorization" time="0.97"/>
  <testcase classname="in.task_erp_api.testcases.DepartmentFolderAPITestCases" name="verify_Add_Department_With_Authorization" time="1.415"/>
  <testcase classname="in.task_erp_api.testcases.DepartmentFolderAPITestCases" name="verify_Add_Department_With_Authorization" time="0.601"/>
  <testcase classname="in.task_erp_api.testcases.DepartmentFolderAPITestCases" name="verify_Add_Department_With_Authorization" time="0.553"/>
  <testcase classname="in.task_erp_api.testcases.DepartmentFolderAPITestCases" name="verify_Add_Department_With_Authorization" time="0.842"/>
  <testcase classname="in.task_erp_api.testcases.DepartmentFolderAPITestCases" name="verify_Add_Department_With_Authorization" time="0.702"/>
  <testcase classname="in.task_erp_api.testcases.DepartmentFolderAPITestCases" name="verify_Add_Department_With_Authorization" time="0.77"/>
  <testcase classname="in.task_erp_api.testcases.DepartmentFolderAPITestCases" name="verify_Add_Department_With_Authorization" time="0.661"/>
  <testcase classname="in.task_erp_api.testcases.DepartmentFolderAPITestCases" name="verify_Add_Department_With_Authorization" time="0.569"/>
  <testcase classname="in.task_erp_api.testcases.DepartmentFolderAPITestCases" name="verifyUpdateDepartmentWithAuthorization" time="1.896"/>
  <testcase classname="in.task_erp_api.testcases.DepartmentFolderAPITestCases" name="verifyUpdateDepartmentWithAuthorization" time="1.073">
    <failure type="java.lang.AssertionError" message="1 expectation failed.
Expected status code &amp;lt;409&amp;gt; but was &amp;lt;200&amp;gt;.
">
      <![CDATA[java.lang.AssertionError: 1 expectation failed.
Expected status code <409> but was <200>.

at org.codehaus.groovy.runtime.callsite.ConstructorSite$ConstructorSiteNoUnwrapNoCoerce.callConstructor(ConstructorSite.java:108)
at org.codehaus.groovy.runtime.callsite.CallSiteArray.defaultCallConstructor(CallSiteArray.java:57)
at org.codehaus.groovy.runtime.callsite.AbstractCallSite.callConstructor(AbstractCallSite.java:263)
at org.codehaus.groovy.runtime.callsite.AbstractCallSite.callConstructor(AbstractCallSite.java:277)
at io.restassured.internal.ResponseSpecificationImpl$HamcrestAssertionClosure.validate(ResponseSpecificationImpl.groovy:512)
at io.restassured.internal.ResponseSpecificationImpl$HamcrestAssertionClosure$validate$1.call(Unknown Source)
at io.restassured.internal.ResponseSpecificationImpl.validateResponseIfRequired(ResponseSpecificationImpl.groovy:696)
at io.restassured.internal.ResponseSpecificationImpl.this$2$validateResponseIfRequired(ResponseSpecificationImpl.groovy)
at org.codehaus.groovy.runtime.callsite.PlainObjectMetaMethodSite.doInvoke(PlainObjectMetaMethodSite.java:43)
at org.codehaus.groovy.runtime.callsite.PogoMetaMethodSite$PogoCachedMethodSiteNoUnwrapNoCoerce.invoke(PogoMetaMethodSite.java:198)
at org.codehaus.groovy.runtime.callsite.PogoMetaMethodSite.callCurrent(PogoMetaMethodSite.java:62)
at org.codehaus.groovy.runtime.callsite.AbstractCallSite.callCurrent(AbstractCallSite.java:185)
at io.restassured.internal.ResponseSpecificationImpl.statusCode(ResponseSpecificationImpl.groovy:135)
at io.restassured.specification.ResponseSpecification$statusCode$0.callCurrent(Unknown Source)
at io.restassured.internal.ResponseSpecificationImpl.statusCode(ResponseSpecificationImpl.groovy:143)
at io.restassured.internal.ValidatableResponseOptionsImpl.statusCode(ValidatableResponseOptionsImpl.java:89)
at in.task_erp_api.bodyValidations.BodyValidation.responseValidation(BodyValidation.java:56)
at in.task_erp_api.testcases.DepartmentFolderAPITestCases.verifyUpdateDepartmentWithAuthorization(DepartmentFolderAPITestCases.java:225)
at java.base/java.util.ArrayList.forEach(ArrayList.java:1511)
... Removed 36 stack frames]]>
    </failure>
  </testcase> <!-- verifyUpdateDepartmentWithAuthorization -->
  <testcase classname="in.task_erp_api.testcases.DepartmentFolderAPITestCases" name="verifyUpdateDepartmentWithAuthorization" time="1.134">
    <failure type="java.lang.AssertionError" message="1 expectation failed.
Expected status code &amp;lt;400&amp;gt; but was &amp;lt;200&amp;gt;.
">
      <![CDATA[java.lang.AssertionError: 1 expectation failed.
Expected status code <400> but was <200>.

at org.codehaus.groovy.runtime.callsite.ConstructorSite$ConstructorSiteNoUnwrapNoCoerce.callConstructor(ConstructorSite.java:108)
at org.codehaus.groovy.runtime.callsite.AbstractCallSite.callConstructor(AbstractCallSite.java:277)
at io.restassured.internal.ResponseSpecificationImpl$HamcrestAssertionClosure.validate(ResponseSpecificationImpl.groovy:512)
at io.restassured.internal.ResponseSpecificationImpl$HamcrestAssertionClosure$validate$1.call(Unknown Source)
at io.restassured.internal.ResponseSpecificationImpl.validateResponseIfRequired(ResponseSpecificationImpl.groovy:696)
at io.restassured.internal.ResponseSpecificationImpl.this$2$validateResponseIfRequired(ResponseSpecificationImpl.groovy)
at org.codehaus.groovy.runtime.callsite.PlainObjectMetaMethodSite.doInvoke(PlainObjectMetaMethodSite.java:43)
at org.codehaus.groovy.runtime.callsite.PogoMetaMethodSite$PogoCachedMethodSiteNoUnwrapNoCoerce.invoke(PogoMetaMethodSite.java:198)
at org.codehaus.groovy.runtime.callsite.PogoMetaMethodSite.callCurrent(PogoMetaMethodSite.java:62)
at org.codehaus.groovy.runtime.callsite.AbstractCallSite.callCurrent(AbstractCallSite.java:185)
at io.restassured.internal.ResponseSpecificationImpl.statusCode(ResponseSpecificationImpl.groovy:135)
at io.restassured.specification.ResponseSpecification$statusCode$0.callCurrent(Unknown Source)
at io.restassured.internal.ResponseSpecificationImpl.statusCode(ResponseSpecificationImpl.groovy:143)
at io.restassured.internal.ValidatableResponseOptionsImpl.statusCode(ValidatableResponseOptionsImpl.java:89)
at in.task_erp_api.bodyValidations.BodyValidation.response400Validation(BodyValidation.java:38)
at in.task_erp_api.testcases.DepartmentFolderAPITestCases.verifyUpdateDepartmentWithAuthorization(DepartmentFolderAPITestCases.java:220)
at java.base/java.util.ArrayList.forEach(ArrayList.java:1511)
... Removed 36 stack frames]]>
    </failure>
  </testcase> <!-- verifyUpdateDepartmentWithAuthorization -->
  <testcase classname="in.task_erp_api.testcases.DepartmentFolderAPITestCases" name="verifyUpdateDepartmentWithAuthorization" time="1.1"/>
  <testcase classname="in.task_erp_api.testcases.DepartmentFolderAPITestCases" name="verifyUpdateDepartmentWithAuthorization" time="1.095">
    <failure type="java.lang.AssertionError" message="1 expectation failed.
Expected status code &amp;lt;400&amp;gt; but was &amp;lt;200&amp;gt;.
">
      <![CDATA[java.lang.AssertionError: 1 expectation failed.
Expected status code <400> but was <200>.

at org.codehaus.groovy.runtime.callsite.ConstructorSite$ConstructorSiteNoUnwrapNoCoerce.callConstructor(ConstructorSite.java:108)
at org.codehaus.groovy.runtime.callsite.AbstractCallSite.callConstructor(AbstractCallSite.java:277)
at io.restassured.internal.ResponseSpecificationImpl$HamcrestAssertionClosure.validate(ResponseSpecificationImpl.groovy:512)
at io.restassured.internal.ResponseSpecificationImpl$HamcrestAssertionClosure$validate$1.call(Unknown Source)
at io.restassured.internal.ResponseSpecificationImpl.validateResponseIfRequired(ResponseSpecificationImpl.groovy:696)
at io.restassured.internal.ResponseSpecificationImpl.this$2$validateResponseIfRequired(ResponseSpecificationImpl.groovy)
at org.codehaus.groovy.runtime.callsite.PlainObjectMetaMethodSite.doInvoke(PlainObjectMetaMethodSite.java:43)
at org.codehaus.groovy.runtime.callsite.PogoMetaMethodSite$PogoCachedMethodSiteNoUnwrapNoCoerce.invoke(PogoMetaMethodSite.java:198)
at org.codehaus.groovy.runtime.callsite.PogoMetaMethodSite.callCurrent(PogoMetaMethodSite.java:62)
at org.codehaus.groovy.runtime.callsite.AbstractCallSite.callCurrent(AbstractCallSite.java:185)
at io.restassured.internal.ResponseSpecificationImpl.statusCode(ResponseSpecificationImpl.groovy:135)
at io.restassured.specification.ResponseSpecification$statusCode$0.callCurrent(Unknown Source)
at io.restassured.internal.ResponseSpecificationImpl.statusCode(ResponseSpecificationImpl.groovy:143)
at io.restassured.internal.ValidatableResponseOptionsImpl.statusCode(ValidatableResponseOptionsImpl.java:89)
at in.task_erp_api.bodyValidations.BodyValidation.response400Validation(BodyValidation.java:38)
at in.task_erp_api.testcases.DepartmentFolderAPITestCases.verifyUpdateDepartmentWithAuthorization(DepartmentFolderAPITestCases.java:220)
at java.base/java.util.ArrayList.forEach(ArrayList.java:1511)
... Removed 36 stack frames]]>
    </failure>
  </testcase> <!-- verifyUpdateDepartmentWithAuthorization -->
  <testcase classname="in.task_erp_api.testcases.DepartmentFolderAPITestCases" name="verifyUpdateDepartmentWithAuthorization" time="1.345">
    <failure type="java.lang.AssertionError" message="1 expectation failed.
Expected status code &amp;lt;409&amp;gt; but was &amp;lt;200&amp;gt;.
">
      <![CDATA[java.lang.AssertionError: 1 expectation failed.
Expected status code <409> but was <200>.

at org.codehaus.groovy.runtime.callsite.ConstructorSite$ConstructorSiteNoUnwrapNoCoerce.callConstructor(ConstructorSite.java:108)
at org.codehaus.groovy.runtime.callsite.AbstractCallSite.callConstructor(AbstractCallSite.java:277)
at io.restassured.internal.ResponseSpecificationImpl$HamcrestAssertionClosure.validate(ResponseSpecificationImpl.groovy:512)
at io.restassured.internal.ResponseSpecificationImpl$HamcrestAssertionClosure$validate$1.call(Unknown Source)
at io.restassured.internal.ResponseSpecificationImpl.validateResponseIfRequired(ResponseSpecificationImpl.groovy:696)
at io.restassured.internal.ResponseSpecificationImpl.this$2$validateResponseIfRequired(ResponseSpecificationImpl.groovy)
at org.codehaus.groovy.runtime.callsite.PlainObjectMetaMethodSite.doInvoke(PlainObjectMetaMethodSite.java:43)
at org.codehaus.groovy.runtime.callsite.PogoMetaMethodSite$PogoCachedMethodSiteNoUnwrapNoCoerce.invoke(PogoMetaMethodSite.java:198)
at org.codehaus.groovy.runtime.callsite.PogoMetaMethodSite.callCurrent(PogoMetaMethodSite.java:62)
at org.codehaus.groovy.runtime.callsite.AbstractCallSite.callCurrent(AbstractCallSite.java:185)
at io.restassured.internal.ResponseSpecificationImpl.statusCode(ResponseSpecificationImpl.groovy:135)
at io.restassured.specification.ResponseSpecification$statusCode$0.callCurrent(Unknown Source)
at io.restassured.internal.ResponseSpecificationImpl.statusCode(ResponseSpecificationImpl.groovy:143)
at io.restassured.internal.ValidatableResponseOptionsImpl.statusCode(ValidatableResponseOptionsImpl.java:89)
at in.task_erp_api.bodyValidations.BodyValidation.responseValidation(BodyValidation.java:56)
at in.task_erp_api.testcases.DepartmentFolderAPITestCases.verifyUpdateDepartmentWithAuthorization(DepartmentFolderAPITestCases.java:225)
at java.base/java.util.ArrayList.forEach(ArrayList.java:1511)
... Removed 36 stack frames]]>
    </failure>
  </testcase> <!-- verifyUpdateDepartmentWithAuthorization -->
  <testcase classname="in.task_erp_api.testcases.DepartmentFolderAPITestCases" name="verifyUpdateDepartmentWithAuthorization" time="1.108">
    <failure type="java.lang.AssertionError" message="1 expectation failed.
Expected status code &amp;lt;400&amp;gt; but was &amp;lt;200&amp;gt;.
">
      <![CDATA[java.lang.AssertionError: 1 expectation failed.
Expected status code <400> but was <200>.

at org.codehaus.groovy.runtime.callsite.ConstructorSite$ConstructorSiteNoUnwrapNoCoerce.callConstructor(ConstructorSite.java:108)
at org.codehaus.groovy.runtime.callsite.AbstractCallSite.callConstructor(AbstractCallSite.java:277)
at io.restassured.internal.ResponseSpecificationImpl$HamcrestAssertionClosure.validate(ResponseSpecificationImpl.groovy:512)
at io.restassured.internal.ResponseSpecificationImpl$HamcrestAssertionClosure$validate$1.call(Unknown Source)
at io.restassured.internal.ResponseSpecificationImpl.validateResponseIfRequired(ResponseSpecificationImpl.groovy:696)
at io.restassured.internal.ResponseSpecificationImpl.this$2$validateResponseIfRequired(ResponseSpecificationImpl.groovy)
at org.codehaus.groovy.runtime.callsite.PlainObjectMetaMethodSite.doInvoke(PlainObjectMetaMethodSite.java:43)
at org.codehaus.groovy.runtime.callsite.PogoMetaMethodSite$PogoCachedMethodSiteNoUnwrapNoCoerce.invoke(PogoMetaMethodSite.java:198)
at org.codehaus.groovy.runtime.callsite.PogoMetaMethodSite.callCurrent(PogoMetaMethodSite.java:62)
at org.codehaus.groovy.runtime.callsite.AbstractCallSite.callCurrent(AbstractCallSite.java:185)
at io.restassured.internal.ResponseSpecificationImpl.statusCode(ResponseSpecificationImpl.groovy:135)
at io.restassured.specification.ResponseSpecification$statusCode$0.callCurrent(Unknown Source)
at io.restassured.internal.ResponseSpecificationImpl.statusCode(ResponseSpecificationImpl.groovy:143)
at io.restassured.internal.ValidatableResponseOptionsImpl.statusCode(ValidatableResponseOptionsImpl.java:89)
at in.task_erp_api.bodyValidations.BodyValidation.response400Validation(BodyValidation.java:38)
at in.task_erp_api.testcases.DepartmentFolderAPITestCases.verifyUpdateDepartmentWithAuthorization(DepartmentFolderAPITestCases.java:220)
at java.base/java.util.ArrayList.forEach(ArrayList.java:1511)
... Removed 36 stack frames]]>
    </failure>
  </testcase> <!-- verifyUpdateDepartmentWithAuthorization -->
  <testcase classname="in.task_erp_api.testcases.DepartmentFolderAPITestCases" name="verifyUpdateDepartmentWithAuthorization" time="1.039">
    <failure type="java.lang.AssertionError" message="1 expectation failed.
Expected status code &amp;lt;409&amp;gt; but was &amp;lt;200&amp;gt;.
">
      <![CDATA[java.lang.AssertionError: 1 expectation failed.
Expected status code <409> but was <200>.

at org.codehaus.groovy.runtime.callsite.ConstructorSite$ConstructorSiteNoUnwrapNoCoerce.callConstructor(ConstructorSite.java:108)
at org.codehaus.groovy.runtime.callsite.AbstractCallSite.callConstructor(AbstractCallSite.java:277)
at io.restassured.internal.ResponseSpecificationImpl$HamcrestAssertionClosure.validate(ResponseSpecificationImpl.groovy:512)
at io.restassured.internal.ResponseSpecificationImpl$HamcrestAssertionClosure$validate$1.call(Unknown Source)
at io.restassured.internal.ResponseSpecificationImpl.validateResponseIfRequired(ResponseSpecificationImpl.groovy:696)
at io.restassured.internal.ResponseSpecificationImpl.this$2$validateResponseIfRequired(ResponseSpecificationImpl.groovy)
at org.codehaus.groovy.runtime.callsite.PlainObjectMetaMethodSite.doInvoke(PlainObjectMetaMethodSite.java:43)
at org.codehaus.groovy.runtime.callsite.PogoMetaMethodSite$PogoCachedMethodSiteNoUnwrapNoCoerce.invoke(PogoMetaMethodSite.java:198)
at org.codehaus.groovy.runtime.callsite.PogoMetaMethodSite.callCurrent(PogoMetaMethodSite.java:62)
at org.codehaus.groovy.runtime.callsite.AbstractCallSite.callCurrent(AbstractCallSite.java:185)
at io.restassured.internal.ResponseSpecificationImpl.statusCode(ResponseSpecificationImpl.groovy:135)
at io.restassured.specification.ResponseSpecification$statusCode$0.callCurrent(Unknown Source)
at io.restassured.internal.ResponseSpecificationImpl.statusCode(ResponseSpecificationImpl.groovy:143)
at io.restassured.internal.ValidatableResponseOptionsImpl.statusCode(ValidatableResponseOptionsImpl.java:89)
at in.task_erp_api.bodyValidations.BodyValidation.responseValidation(BodyValidation.java:56)
at in.task_erp_api.testcases.DepartmentFolderAPITestCases.verifyUpdateDepartmentWithAuthorization(DepartmentFolderAPITestCases.java:225)
at java.base/java.util.ArrayList.forEach(ArrayList.java:1511)
... Removed 36 stack frames]]>
    </failure>
  </testcase> <!-- verifyUpdateDepartmentWithAuthorization -->
  <testcase classname="in.task_erp_api.testcases.DepartmentFolderAPITestCases" name="verifyUpdateDepartmentWithAuthorization" time="1.175"/>
  <testcase classname="in.task_erp_api.testcases.DepartmentFolderAPITestCases" name="verifyDeleteSingleDepartmentWithAuthorization" time="0.504"/>
  <testcase classname="in.task_erp_api.testcases.DepartmentFolderAPITestCases" name="verifyDeleteSingleDepartmentWithAuthorization" time="0.675"/>
  <testcase classname="in.task_erp_api.testcases.DepartmentFolderAPITestCases" name="verifyDeleteSingleDepartmentWithAuthorization" time="1.101"/>
  <testcase classname="in.task_erp_api.testcases.DepartmentFolderAPITestCases" name="verify_Get_User_Id_With_Authorization" time="1.535"/>
  <testcase classname="in.task_erp_api.testcases.DepartmentFolderAPITestCases" name="verify_Get_Employees_By_Department_Name_With_Authorization" time="0.598"/>
  <testcase classname="in.task_erp_api.testcases.DepartmentFolderAPITestCases" name="verify_Get_Employees_By_Department_By_Giving_Invalid_Department" time="0.495"/>
  <testcase classname="in.task_erp_api.testcases.DepartmentFolderAPITestCases" name="verify_Get_All_Employees_By_Designation_With_Authorization" time="0.001"/>
  <testcase classname="in.task_erp_api.testcases.DepartmentFolderAPITestCases" name="verify_Get_All_Employees_By_Designation_By_Giving_Invalid_Designation" time="0.001"/>
  <testcase classname="in.task_erp_api.testcases.DepartmentFolderAPITestCases" name="verify_Get_All_Assignee_With_Authorization_By_Giving_Valid_Role_Level" time="0.006"/>
  <testcase classname="in.task_erp_api.testcases.DepartmentFolderAPITestCases" name="verify_Get_Higher_Authority_With_Authorization" time="0.001"/>
  <testcase classname="in.task_erp_api.testcases.DepartmentFolderAPITestCases" name="verify_Get_Higher_Authority_By_Giving_Invalid_Department" time="0.001"/>
  <testcase classname="in.task_erp_api.testcases.DesignationFolderAPITestCases" name="verify_Add_Designation_Without_Authorization" time="0.568"/>
  <testcase classname="in.task_erp_api.testcases.DesignationFolderAPITestCases" name="verify_Get_All_Designation_By_Department_Without_Authorization" time="0.517"/>
  <testcase classname="in.task_erp_api.testcases.DesignationFolderAPITestCases" name="verify_Get_All_Designation_Without_Authorization" time="0.501"/>
  <testcase classname="in.task_erp_api.testcases.DesignationFolderAPITestCases" name="verify_Update_Designation_Without_Authorization" time="1.44"/>
  <testcase classname="in.task_erp_api.testcases.DesignationFolderAPITestCases" name="verify_Delete_Designation_Without_Authorization" time="0.484"/>
  <testcase classname="in.task_erp_api.testcases.DesignationFolderAPITestCases" name="verify_Get_All_Designation_WithAuthorization" time="0.538"/>
  <testcase classname="in.task_erp_api.testcases.DesignationFolderAPITestCases" name="verify_Add_Designation_With_Authorization" time="0.57"/>
  <testcase classname="in.task_erp_api.testcases.DesignationFolderAPITestCases" name="verify_Add_Designation_With_Authorization" time="1.186"/>
  <testcase classname="in.task_erp_api.testcases.DesignationFolderAPITestCases" name="verify_Add_Designation_With_Authorization" time="0.579"/>
  <testcase classname="in.task_erp_api.testcases.DesignationFolderAPITestCases" name="verify_Add_Designation_With_Authorization" time="0.552"/>
  <testcase classname="in.task_erp_api.testcases.DesignationFolderAPITestCases" name="verifyGetAllDesignationByDepartmentWithAuthorization" time="0.471"/>
  <testcase classname="in.task_erp_api.testcases.DesignationFolderAPITestCases" name="verify_Update_Designation_With_Authorization" time="1.796">
    <failure type="java.lang.AssertionError" message="1 expectation failed.
Expected status code &amp;lt;400&amp;gt; but was &amp;lt;200&amp;gt;.
">
      <![CDATA[java.lang.AssertionError: 1 expectation failed.
Expected status code <400> but was <200>.

at org.codehaus.groovy.runtime.callsite.ConstructorSite$ConstructorSiteNoUnwrapNoCoerce.callConstructor(ConstructorSite.java:108)
at org.codehaus.groovy.runtime.callsite.AbstractCallSite.callConstructor(AbstractCallSite.java:277)
at io.restassured.internal.ResponseSpecificationImpl$HamcrestAssertionClosure.validate(ResponseSpecificationImpl.groovy:512)
at io.restassured.internal.ResponseSpecificationImpl$HamcrestAssertionClosure$validate$1.call(Unknown Source)
at io.restassured.internal.ResponseSpecificationImpl.validateResponseIfRequired(ResponseSpecificationImpl.groovy:696)
at io.restassured.internal.ResponseSpecificationImpl.this$2$validateResponseIfRequired(ResponseSpecificationImpl.groovy)
at org.codehaus.groovy.runtime.callsite.PlainObjectMetaMethodSite.doInvoke(PlainObjectMetaMethodSite.java:43)
at org.codehaus.groovy.runtime.callsite.PogoMetaMethodSite$PogoCachedMethodSiteNoUnwrapNoCoerce.invoke(PogoMetaMethodSite.java:198)
at org.codehaus.groovy.runtime.callsite.PogoMetaMethodSite.callCurrent(PogoMetaMethodSite.java:62)
at org.codehaus.groovy.runtime.callsite.AbstractCallSite.callCurrent(AbstractCallSite.java:185)
at io.restassured.internal.ResponseSpecificationImpl.statusCode(ResponseSpecificationImpl.groovy:135)
at io.restassured.specification.ResponseSpecification$statusCode$0.callCurrent(Unknown Source)
at io.restassured.internal.ResponseSpecificationImpl.statusCode(ResponseSpecificationImpl.groovy:143)
at io.restassured.internal.ValidatableResponseOptionsImpl.statusCode(ValidatableResponseOptionsImpl.java:89)
at in.task_erp_api.bodyValidations.BodyValidation.response400Validation(BodyValidation.java:38)
at in.task_erp_api.testcases.DesignationFolderAPITestCases.verify_Update_Designation_With_Authorization(DesignationFolderAPITestCases.java:199)
at java.base/java.util.ArrayList.forEach(ArrayList.java:1511)
... Removed 36 stack frames]]>
    </failure>
  </testcase> <!-- verify_Update_Designation_With_Authorization -->
  <testcase classname="in.task_erp_api.testcases.DesignationFolderAPITestCases" name="verify_Update_Designation_With_Authorization" time="2.286"/>
  <testcase classname="in.task_erp_api.testcases.DesignationFolderAPITestCases" name="verify_Update_Designation_With_Authorization" time="1.868"/>
  <testcase classname="in.task_erp_api.testcases.DesignationFolderAPITestCases" name="verify_Update_Designation_With_Authorization" time="1.62"/>
  <testcase classname="in.task_erp_api.testcases.DesignationFolderAPITestCases" name="verify_Delete_Designation_With_Authorization" time="0.592"/>
  <testcase classname="in.task_erp_api.testcases.DesignationFolderAPITestCases" name="verify_Delete_Designation_With_Authorization" time="0.628"/>
  <testcase classname="in.task_erp_api.testcases.DesignationFolderAPITestCases" name="verify_Delete_Designation_With_Authorization" time="1.132"/>
  <testcase classname="in.task_erp_api.testcases.BaseTest" name="@BeforeSuite startBackendServer" time="0.0">
    <ignored/>
  </testcase> <!-- @BeforeSuite startBackendServer -->
  <testcase classname="in.task_erp_api.testcases.BaseTest" name="@AfterSuite flush_Extent_Report" time="0.0">
    <ignored/>
  </testcase> <!-- @AfterSuite flush_Extent_Report -->
  <testcase classname="in.task_erp_api.testcases.BaseTest" name="@BeforeSuite startBackendServer" time="0.0">
    <ignored/>
  </testcase> <!-- @BeforeSuite startBackendServer -->
  <testcase classname="in.task_erp_api.testcases.BaseTest" name="@AfterSuite flush_Extent_Report" time="0.0">
    <ignored/>
  </testcase> <!-- @AfterSuite flush_Extent_Report -->
</testsuite> <!-- Test -->
