<!DOCTYPE html>

<html>
  <head>
  <meta charset='utf-8'>
  <title>TestNG reports</title>

    <link type="text/css" href="testng-reports1.css" rel="stylesheet" id="ultra" />
    <link type="text/css" href="testng-reports.css" rel="stylesheet" id="retro" disabled="false"/>
    <script type="text/javascript" src="jquery-3.6.0.min.js"></script>
    <script type="text/javascript" src="testng-reports.js"></script>
    <script type="text/javascript" src="https://www.google.com/jsapi"></script>
    <script type='text/javascript'>
      google.load('visualization', '1', {packages:['table']});
      google.setOnLoadCallback(drawTable);
      var suiteTableInitFunctions = new Array();
      var suiteTableData = new Array();
    </script>
    <!--
      <script type="text/javascript" src="jquery-ui/js/jquery-ui-1.8.16.custom.min.js"></script>
     -->
  </head>

  <body>    <div class="top-banner-root">
      <span class="top-banner-title-font">Test results</span>
      <button id="button" class="button">Switch Retro Theme</button> <!-- button -->
      <br/>
      <span class="top-banner-font-1">1 suite, 13 failed tests</span>
    </div> <!-- top-banner-root -->
    <div class="navigator-root">
      <div class="navigator-suite-header">
        <span>All suites</span>
        <a href="#" title="Collapse/expand all the suites" class="collapse-all-link">
          <img src="collapseall.gif" class="collapse-all-icon">
          </img> <!-- collapse-all-icon -->
        </a> <!-- collapse-all-link -->
      </div> <!-- navigator-suite-header -->
      <div class="suite">
        <div class="rounded-window">
          <div class="suite-header light-rounded-window-top">
            <a href="#" panel-name="suite-Suite" class="navigator-link">
              <span class="suite-name border-failed">Suite</span>
            </a> <!-- navigator-link -->
          </div> <!-- suite-header light-rounded-window-top -->
          <div class="navigator-suite-content">
            <div class="suite-section-title">
              <span>Info</span>
            </div> <!-- suite-section-title -->
            <div class="suite-section-content">
              <ul>
                <li>
                  <a href="#" panel-name="test-xml-Suite" class="navigator-link ">
                    <span>C:\Users\Lenovo\eclipse-workspace\ERP_API_And_Database_Automation_Framework\testng1.xml</span>
                  </a> <!-- navigator-link  -->
                </li>
                <li>
                  <a href="#" panel-name="testlist-Suite" class="navigator-link ">
                    <span class="test-stats">1 test</span>
                  </a> <!-- navigator-link  -->
                </li>
                <li>
                  <a href="#" panel-name="group-Suite" class="navigator-link ">
                    <span>0 groups</span>
                  </a> <!-- navigator-link  -->
                </li>
                <li>
                  <a href="#" panel-name="times-Suite" class="navigator-link ">
                    <span>Times</span>
                  </a> <!-- navigator-link  -->
                </li>
                <li>
                  <a href="#" panel-name="reporter-Suite" class="navigator-link ">
                    <span>Reporter output</span>
                  </a> <!-- navigator-link  -->
                </li>
                <li>
                  <a href="#" panel-name="ignored-methods-Suite" class="navigator-link ">
                    <span>Ignored methods</span>
                  </a> <!-- navigator-link  -->
                </li>
                <li>
                  <a href="#" panel-name="chronological-Suite" class="navigator-link ">
                    <span>Chronological view</span>
                  </a> <!-- navigator-link  -->
                </li>
              </ul>
            </div> <!-- suite-section-content -->
            <div class="result-section">
              <div class="suite-section-title">
                <span>Results</span>
              </div> <!-- suite-section-title -->
              <div class="suite-section-content">
                <ul>
                  <li>
                    <span class="method-stats">28 methods, 13 failed,   15 passed</span>
                  </li>
                  <li>
                    <span class="method-list-title failed">Failed methods</span>
                    <span class="show-or-hide-methods failed">
                      <a href="#" panel-name="suite-Suite" class="hide-methods failed suite-Suite"> (hide)</a> <!-- hide-methods failed suite-Suite -->
                      <a href="#" panel-name="suite-Suite" class="show-methods failed suite-Suite"> (show)</a> <!-- show-methods failed suite-Suite -->
                    </span>
                    <div class="method-list-content failed suite-Suite">
                      <span>
                        <img src="failed.png" width="3%"/>
                        <a href="#" panel-name="suite-Suite" title="in.task_erp_api.testcases.VerificationStatusFolderAPITestCases" class="method navigator-link" hash-for-method="verify_Add_Verification_Status_With_Authorization(Nashi Pear, 13, cobalt, #9471DB)">verify_Add_Verification_Status_With_Authorization(Nashi Pear, 13, cobalt, #9471DB)</a> <!-- method navigator-link -->
                      </span>
                      <br/>
                      <span>
                        <img src="failed.png" width="3%"/>
                        <a href="#" panel-name="suite-Suite" title="in.task_erp_api.testcases.VerificationStatusFolderAPITestCases" class="method navigator-link" hash-for-method="verify_Add_Verification_Status_With_Authorization(Berries, 1, teal, #5C1469)">verify_Add_Verification_Status_With_Authorization(Berries, 1, teal, #5C1469)</a> <!-- method navigator-link -->
                      </span>
                      <br/>
                      <span>
                        <img src="failed.png" width="3%"/>
                        <a href="#" panel-name="suite-Suite" title="in.task_erp_api.testcases.VerificationStatusFolderAPITestCases" class="method navigator-link" hash-for-method="verify_Add_Verification_Status_With_Authorization(Tomatoes, 14, cyan, #CDB7F3)">verify_Add_Verification_Status_With_Authorization(Tomatoes, 14, cyan, #CDB7F3)</a> <!-- method navigator-link -->
                      </span>
                      <br/>
                      <span>
                        <img src="failed.png" width="3%"/>
                        <a href="#" panel-name="suite-Suite" title="in.task_erp_api.testcases.VerificationStatusFolderAPITestCases" class="method navigator-link" hash-for-method="verify_Delete_Single_Verification_Status_With_Authorization(39)">verify_Delete_Single_Verification_Status_With_Authorization(39)</a> <!-- method navigator-link -->
                      </span>
                      <br/>
                      <span>
                        <img src="failed.png" width="3%"/>
                        <a href="#" panel-name="suite-Suite" title="in.task_erp_api.testcases.VerificationStatusFolderAPITestCases" class="method navigator-link" hash-for-method="verify_Delete_Single_Verification_Status_With_Authorization(40)">verify_Delete_Single_Verification_Status_With_Authorization(40)</a> <!-- method navigator-link -->
                      </span>
                      <br/>
                      <span>
                        <img src="failed.png" width="3%"/>
                        <a href="#" panel-name="suite-Suite" title="in.task_erp_api.testcases.VerificationStatusFolderAPITestCases" class="method navigator-link" hash-for-method="verify_Update_Verification_Status_With_Authorization(40, , 19, blue, #8BCDD0)">verify_Update_Verification_Status_With_Authorization(40, , 19, blue, #8BCDD0)</a> <!-- method navigator-link -->
                      </span>
                      <br/>
                      <span>
                        <img src="failed.png" width="3%"/>
                        <a href="#" panel-name="suite-Suite" title="in.task_erp_api.testcases.VerificationStatusFolderAPITestCases" class="method navigator-link" hash-for-method="verify_Update_Verification_Status_With_Authorization(40, Avocado, 12, grey, #AA8E42)">verify_Update_Verification_Status_With_Authorization(40, Avocado, 12, grey, #AA8E42)</a> <!-- method navigator-link -->
                      </span>
                      <br/>
                      <span>
                        <img src="failed.png" width="3%"/>
                        <a href="#" panel-name="suite-Suite" title="in.task_erp_api.testcases.VerificationStatusFolderAPITestCases" class="method navigator-link" hash-for-method="verify_Update_Verification_Status_With_Authorization(40, Starfruit, 3, mint green, #ACD987)">verify_Update_Verification_Status_With_Authorization(40, Starfruit, 3, mint green, #ACD987)</a> <!-- method navigator-link -->
                      </span>
                      <br/>
                      <span>
                        <img src="failed.png" width="3%"/>
                        <a href="#" panel-name="suite-Suite" title="in.task_erp_api.testcases.VerificationStatusFolderAPITestCases" class="method navigator-link" hash-for-method="verify_Update_Verification_Status_With_Authorization(40, Strawberries, 13, azure, #30BE91)">verify_Update_Verification_Status_With_Authorization(40, Strawberries, 13, azure, #30BE91)</a> <!-- method navigator-link -->
                      </span>
                      <br/>
                      <span>
                        <img src="failed.png" width="3%"/>
                        <a href="#" panel-name="suite-Suite" title="in.task_erp_api.testcases.VerificationStatusFolderAPITestCases" class="method navigator-link" hash-for-method="verify_Update_Verification_Status_With_Authorization(40, Juniper Berries, 15, sky blue, #06FAD5)">verify_Update_Verification_Status_With_Authorization(40, Juniper Berries, 15, sky blue, #06FAD5)</a> <!-- method navigator-link -->
                      </span>
                      <br/>
                      <span>
                        <img src="failed.png" width="3%"/>
                        <a href="#" panel-name="suite-Suite" title="in.task_erp_api.testcases.VerificationStatusFolderAPITestCases" class="method navigator-link" hash-for-method="verify_Update_Verification_Status_With_Authorization(40, Cantaloupe, 16, ivory, )">verify_Update_Verification_Status_With_Authorization(40, Cantaloupe, 16, ivory, )</a> <!-- method navigator-link -->
                      </span>
                      <br/>
                      <span>
                        <img src="failed.png" width="3%"/>
                        <a href="#" panel-name="suite-Suite" title="in.task_erp_api.testcases.VerificationStatusFolderAPITestCases" class="method navigator-link" hash-for-method="verify_Update_Verification_Status_With_Authorization(40, Papaw, 11, , #E05DD4)">verify_Update_Verification_Status_With_Authorization(40, Papaw, 11, , #E05DD4)</a> <!-- method navigator-link -->
                      </span>
                      <br/>
                      <span>
                        <img src="failed.png" width="3%"/>
                        <a href="#" panel-name="suite-Suite" title="in.task_erp_api.testcases.VerificationStatusFolderAPITestCases" class="method navigator-link" hash-for-method="verify_Update_Verification_Status_With_Authorization(40, Avocado, 17, grey, #C2A4F8)">verify_Update_Verification_Status_With_Authorization(40, Avocado, 17, grey, #C2A4F8)</a> <!-- method navigator-link -->
                      </span>
                      <br/>
                    </div> <!-- method-list-content failed suite-Suite -->
                  </li>
                  <li>
                    <span class="method-list-title passed">Passed methods</span>
                    <span class="show-or-hide-methods passed">
                      <a href="#" panel-name="suite-Suite" class="hide-methods passed suite-Suite"> (hide)</a> <!-- hide-methods passed suite-Suite -->
                      <a href="#" panel-name="suite-Suite" class="show-methods passed suite-Suite"> (show)</a> <!-- show-methods passed suite-Suite -->
                    </span>
                    <div class="method-list-content passed suite-Suite">
                      <span>
                        <img src="passed.png" width="3%"/>
                        <a href="#" panel-name="suite-Suite" title="in.task_erp_api.testcases.VerificationStatusFolderAPITestCases" class="method navigator-link" hash-for-method="verify_Add_Verification_Status_With_Authorization(Juniper Berries, 15, lavender, #864753)">verify_Add_Verification_Status_With_Authorization(Juniper Berries, 15, lavender, #864753)</a> <!-- method navigator-link -->
                      </span>
                      <br/>
                      <span>
                        <img src="passed.png" width="3%"/>
                        <a href="#" panel-name="suite-Suite" title="in.task_erp_api.testcases.VerificationStatusFolderAPITestCases" class="method navigator-link" hash-for-method="verify_Add_Verification_Status_With_Authorization(Not Verified, 14, orchid, #96AA1F)">verify_Add_Verification_Status_With_Authorization(Not Verified, 14, orchid, #96AA1F)</a> <!-- method navigator-link -->
                      </span>
                      <br/>
                      <span>
                        <img src="passed.png" width="3%"/>
                        <a href="#" panel-name="suite-Suite" title="in.task_erp_api.testcases.VerificationStatusFolderAPITestCases" class="method navigator-link" hash-for-method="verify_Add_Verification_Status_With_Authorization(, 12, azure, #45E618)">verify_Add_Verification_Status_With_Authorization(, 12, azure, #45E618)</a> <!-- method navigator-link -->
                      </span>
                      <br/>
                      <span>
                        <img src="passed.png" width="3%"/>
                        <a href="#" panel-name="suite-Suite" title="in.task_erp_api.testcases.VerificationStatusFolderAPITestCases" class="method navigator-link" hash-for-method="verify_Add_Verification_Status_With_Authorization(Loquats, 11, , #19BC54)">verify_Add_Verification_Status_With_Authorization(Loquats, 11, , #19BC54)</a> <!-- method navigator-link -->
                      </span>
                      <br/>
                      <span>
                        <img src="passed.png" width="3%"/>
                        <a href="#" panel-name="suite-Suite" title="in.task_erp_api.testcases.VerificationStatusFolderAPITestCases" class="method navigator-link" hash-for-method="verify_Add_Verification_Status_With_Authorization(Sultanas, 15, white, )">verify_Add_Verification_Status_With_Authorization(Sultanas, 15, white, )</a> <!-- method navigator-link -->
                      </span>
                      <br/>
                      <span>
                        <img src="passed.png" width="3%"/>
                        <a href="#" panel-name="suite-Suite" title="in.task_erp_api.testcases.VerificationStatusFolderAPITestCases" class="method navigator-link" hash-for-method="verify_Add_Verification_Status_Without_Authorization">verify_Add_Verification_Status_Without_Authorization</a> <!-- method navigator-link -->
                      </span>
                      <br/>
                      <span>
                        <img src="passed.png" width="3%"/>
                        <a href="#" panel-name="suite-Suite" title="in.task_erp_api.testcases.VerificationStatusFolderAPITestCases" class="method navigator-link" hash-for-method="verify_Delete_Single_Verification_Status_With_Authorization(51)">verify_Delete_Single_Verification_Status_With_Authorization(51)</a> <!-- method navigator-link -->
                      </span>
                      <br/>
                      <span>
                        <img src="passed.png" width="3%"/>
                        <a href="#" panel-name="suite-Suite" title="in.task_erp_api.testcases.VerificationStatusFolderAPITestCases" class="method navigator-link" hash-for-method="verify_Delete_Verification_Status_Without_Authorization">verify_Delete_Verification_Status_Without_Authorization</a> <!-- method navigator-link -->
                      </span>
                      <br/>
                      <span>
                        <img src="passed.png" width="3%"/>
                        <a href="#" panel-name="suite-Suite" title="in.task_erp_api.testcases.VerificationStatusFolderAPITestCases" class="method navigator-link" hash-for-method="verify_Get_All_Verification_Statuses_With_Authorization">verify_Get_All_Verification_Statuses_With_Authorization</a> <!-- method navigator-link -->
                      </span>
                      <br/>
                      <span>
                        <img src="passed.png" width="3%"/>
                        <a href="#" panel-name="suite-Suite" title="in.task_erp_api.testcases.VerificationStatusFolderAPITestCases" class="method navigator-link" hash-for-method="verify_Get_All_Verification_Statuses_Without_Authorization">verify_Get_All_Verification_Statuses_Without_Authorization</a> <!-- method navigator-link -->
                      </span>
                      <br/>
                      <span>
                        <img src="passed.png" width="3%"/>
                        <a href="#" panel-name="suite-Suite" title="in.task_erp_api.testcases.LoginEmployeeAPITestCases" class="method navigator-link" hash-for-method="verify_Login_Employee_By_Giving_Invalid_LoginId">verify_Login_Employee_By_Giving_Invalid_LoginId</a> <!-- method navigator-link -->
                      </span>
                      <br/>
                      <span>
                        <img src="passed.png" width="3%"/>
                        <a href="#" panel-name="suite-Suite" title="in.task_erp_api.testcases.LoginEmployeeAPITestCases" class="method navigator-link" hash-for-method="verify_Login_Employee_By_Giving_Invalid_Password">verify_Login_Employee_By_Giving_Invalid_Password</a> <!-- method navigator-link -->
                      </span>
                      <br/>
                      <span>
                        <img src="passed.png" width="3%"/>
                        <a href="#" panel-name="suite-Suite" title="in.task_erp_api.testcases.LoginEmployeeAPITestCases" class="method navigator-link" hash-for-method="verify_Login_Employee_By_Giving_Valid_Data">verify_Login_Employee_By_Giving_Valid_Data</a> <!-- method navigator-link -->
                      </span>
                      <br/>
                      <span>
                        <img src="passed.png" width="3%"/>
                        <a href="#" panel-name="suite-Suite" title="in.task_erp_api.testcases.VerificationStatusFolderAPITestCases" class="method navigator-link" hash-for-method="verify_Update_Verification_Status_With_Authorization(68, Limes, 10, white, #8A8FD5)">verify_Update_Verification_Status_With_Authorization(68, Limes, 10, white, #8A8FD5)</a> <!-- method navigator-link -->
                      </span>
                      <br/>
                      <span>
                        <img src="passed.png" width="3%"/>
                        <a href="#" panel-name="suite-Suite" title="in.task_erp_api.testcases.VerificationStatusFolderAPITestCases" class="method navigator-link" hash-for-method="verify_Update_Verification_Status_Without_Authorization">verify_Update_Verification_Status_Without_Authorization</a> <!-- method navigator-link -->
                      </span>
                      <br/>
                    </div> <!-- method-list-content passed suite-Suite -->
                  </li>
                </ul>
              </div> <!-- suite-section-content -->
            </div> <!-- result-section -->
          </div> <!-- navigator-suite-content -->
        </div> <!-- rounded-window -->
      </div> <!-- suite -->
    </div> <!-- navigator-root -->
    <div class="wrapper">
      <div class="main-panel-root">
        <div panel-name="suite-Suite" class="panel Suite">
          <div class="suite-Suite-class-failed">
            <div class="main-panel-header rounded-window-top">
              <img src="failed.png"/>
              <span class="class-name">in.task_erp_api.testcases.VerificationStatusFolderAPITestCases</span>
            </div> <!-- main-panel-header rounded-window-top -->
            <div class="main-panel-content rounded-window-bottom">
              <div class="method">
                <div class="method-content">
                  <a name="verify_Add_Verification_Status_With_Authorization(Nashi Pear, 13, cobalt, #9471DB)">
                  </a> <!-- verify_Add_Verification_Status_With_Authorization(Nashi Pear, 13, cobalt, #9471DB) -->
                  <span class="method-name">verify_Add_Verification_Status_With_Authorization</span>
                  <span class="parameters">(Nashi Pear,13,cobalt,#9471DB)</span>
                  <div class="stack-trace">java.lang.AssertionError: 1 expectation failed.
Expected status code &lt;409&gt; but was &lt;200&gt;.

	at org.codehaus.groovy.runtime.callsite.ConstructorSite$ConstructorSiteNoUnwrapNoCoerce.callConstructor(ConstructorSite.java:108)
	at org.codehaus.groovy.runtime.callsite.AbstractCallSite.callConstructor(AbstractCallSite.java:277)
	at io.restassured.internal.ResponseSpecificationImpl$HamcrestAssertionClosure.validate(ResponseSpecificationImpl.groovy:512)
	at io.restassured.internal.ResponseSpecificationImpl$HamcrestAssertionClosure$validate$1.call(Unknown Source)
	at io.restassured.internal.ResponseSpecificationImpl.validateResponseIfRequired(ResponseSpecificationImpl.groovy:696)
	at io.restassured.internal.ResponseSpecificationImpl.this$2$validateResponseIfRequired(ResponseSpecificationImpl.groovy)
	at org.codehaus.groovy.runtime.callsite.PlainObjectMetaMethodSite.doInvoke(PlainObjectMetaMethodSite.java:43)
	at org.codehaus.groovy.runtime.callsite.PogoMetaMethodSite$PogoCachedMethodSiteNoUnwrapNoCoerce.invoke(PogoMetaMethodSite.java:198)
	at org.codehaus.groovy.runtime.callsite.PogoMetaMethodSite.callCurrent(PogoMetaMethodSite.java:62)
	at org.codehaus.groovy.runtime.callsite.AbstractCallSite.callCurrent(AbstractCallSite.java:185)
	at io.restassured.internal.ResponseSpecificationImpl.statusCode(ResponseSpecificationImpl.groovy:135)
	at io.restassured.specification.ResponseSpecification$statusCode$0.callCurrent(Unknown Source)
	at io.restassured.internal.ResponseSpecificationImpl.statusCode(ResponseSpecificationImpl.groovy:143)
	at io.restassured.internal.ValidatableResponseOptionsImpl.statusCode(ValidatableResponseOptionsImpl.java:89)
	at in.task_erp_api.bodyValidations.BodyValidation.responseValidation(BodyValidation.java:56)
	at in.task_erp_api.testcases.VerificationStatusFolderAPITestCases.verify_Add_Verification_Status_With_Authorization(VerificationStatusFolderAPITestCases.java:111)
	at java.base/java.util.ArrayList.forEach(ArrayList.java:1511)
... Removed 36 stack frames
</div> <!-- stack-trace -->
                </div> <!-- method-content -->
              </div> <!-- method -->
              <div class="method">
                <div class="method-content">
                  <a name="verify_Add_Verification_Status_With_Authorization(Berries, 1, teal, #5C1469)">
                  </a> <!-- verify_Add_Verification_Status_With_Authorization(Berries, 1, teal, #5C1469) -->
                  <span class="method-name">verify_Add_Verification_Status_With_Authorization</span>
                  <span class="parameters">(Berries,1,teal,#5C1469)</span>
                  <div class="stack-trace">java.lang.AssertionError: 1 expectation failed.
Expected status code &lt;409&gt; but was &lt;200&gt;.

	at org.codehaus.groovy.runtime.callsite.ConstructorSite$ConstructorSiteNoUnwrapNoCoerce.callConstructor(ConstructorSite.java:108)
	at org.codehaus.groovy.runtime.callsite.CallSiteArray.defaultCallConstructor(CallSiteArray.java:57)
	at org.codehaus.groovy.runtime.callsite.AbstractCallSite.callConstructor(AbstractCallSite.java:263)
	at org.codehaus.groovy.runtime.callsite.AbstractCallSite.callConstructor(AbstractCallSite.java:277)
	at io.restassured.internal.ResponseSpecificationImpl$HamcrestAssertionClosure.validate(ResponseSpecificationImpl.groovy:512)
	at io.restassured.internal.ResponseSpecificationImpl$HamcrestAssertionClosure$validate$1.call(Unknown Source)
	at io.restassured.internal.ResponseSpecificationImpl.validateResponseIfRequired(ResponseSpecificationImpl.groovy:696)
	at io.restassured.internal.ResponseSpecificationImpl.this$2$validateResponseIfRequired(ResponseSpecificationImpl.groovy)
	at org.codehaus.groovy.runtime.callsite.PlainObjectMetaMethodSite.doInvoke(PlainObjectMetaMethodSite.java:43)
	at org.codehaus.groovy.runtime.callsite.PogoMetaMethodSite$PogoCachedMethodSiteNoUnwrapNoCoerce.invoke(PogoMetaMethodSite.java:198)
	at org.codehaus.groovy.runtime.callsite.PogoMetaMethodSite.callCurrent(PogoMetaMethodSite.java:62)
	at org.codehaus.groovy.runtime.callsite.AbstractCallSite.callCurrent(AbstractCallSite.java:185)
	at io.restassured.internal.ResponseSpecificationImpl.statusCode(ResponseSpecificationImpl.groovy:135)
	at io.restassured.specification.ResponseSpecification$statusCode$0.callCurrent(Unknown Source)
	at io.restassured.internal.ResponseSpecificationImpl.statusCode(ResponseSpecificationImpl.groovy:143)
	at io.restassured.internal.ValidatableResponseOptionsImpl.statusCode(ValidatableResponseOptionsImpl.java:89)
	at in.task_erp_api.bodyValidations.BodyValidation.responseValidation(BodyValidation.java:56)
	at in.task_erp_api.testcases.VerificationStatusFolderAPITestCases.verify_Add_Verification_Status_With_Authorization(VerificationStatusFolderAPITestCases.java:111)
	at java.base/java.util.ArrayList.forEach(ArrayList.java:1511)
... Removed 36 stack frames
</div> <!-- stack-trace -->
                </div> <!-- method-content -->
              </div> <!-- method -->
              <div class="method">
                <div class="method-content">
                  <a name="verify_Add_Verification_Status_With_Authorization(Tomatoes, 14, cyan, #CDB7F3)">
                  </a> <!-- verify_Add_Verification_Status_With_Authorization(Tomatoes, 14, cyan, #CDB7F3) -->
                  <span class="method-name">verify_Add_Verification_Status_With_Authorization</span>
                  <span class="parameters">(Tomatoes,14,cyan,#CDB7F3)</span>
                  <div class="stack-trace">java.lang.AssertionError: 1 expectation failed.
Expected status code &lt;409&gt; but was &lt;200&gt;.

	at org.codehaus.groovy.runtime.callsite.ConstructorSite$ConstructorSiteNoUnwrapNoCoerce.callConstructor(ConstructorSite.java:108)
	at org.codehaus.groovy.runtime.callsite.AbstractCallSite.callConstructor(AbstractCallSite.java:277)
	at io.restassured.internal.ResponseSpecificationImpl$HamcrestAssertionClosure.validate(ResponseSpecificationImpl.groovy:512)
	at io.restassured.internal.ResponseSpecificationImpl$HamcrestAssertionClosure$validate$1.call(Unknown Source)
	at io.restassured.internal.ResponseSpecificationImpl.validateResponseIfRequired(ResponseSpecificationImpl.groovy:696)
	at io.restassured.internal.ResponseSpecificationImpl.this$2$validateResponseIfRequired(ResponseSpecificationImpl.groovy)
	at org.codehaus.groovy.runtime.callsite.PlainObjectMetaMethodSite.doInvoke(PlainObjectMetaMethodSite.java:43)
	at org.codehaus.groovy.runtime.callsite.PogoMetaMethodSite$PogoCachedMethodSiteNoUnwrapNoCoerce.invoke(PogoMetaMethodSite.java:198)
	at org.codehaus.groovy.runtime.callsite.PogoMetaMethodSite.callCurrent(PogoMetaMethodSite.java:62)
	at org.codehaus.groovy.runtime.callsite.AbstractCallSite.callCurrent(AbstractCallSite.java:185)
	at io.restassured.internal.ResponseSpecificationImpl.statusCode(ResponseSpecificationImpl.groovy:135)
	at io.restassured.specification.ResponseSpecification$statusCode$0.callCurrent(Unknown Source)
	at io.restassured.internal.ResponseSpecificationImpl.statusCode(ResponseSpecificationImpl.groovy:143)
	at io.restassured.internal.ValidatableResponseOptionsImpl.statusCode(ValidatableResponseOptionsImpl.java:89)
	at in.task_erp_api.bodyValidations.BodyValidation.responseValidation(BodyValidation.java:56)
	at in.task_erp_api.testcases.VerificationStatusFolderAPITestCases.verify_Add_Verification_Status_With_Authorization(VerificationStatusFolderAPITestCases.java:111)
	at java.base/java.util.ArrayList.forEach(ArrayList.java:1511)
... Removed 36 stack frames
</div> <!-- stack-trace -->
                </div> <!-- method-content -->
              </div> <!-- method -->
              <div class="method">
                <div class="method-content">
                  <a name="verify_Delete_Single_Verification_Status_With_Authorization(39)">
                  </a> <!-- verify_Delete_Single_Verification_Status_With_Authorization(39) -->
                  <span class="method-name">verify_Delete_Single_Verification_Status_With_Authorization</span>
                  <span class="parameters">(39)</span>
                  <div class="stack-trace">java.lang.AssertionError: 1 expectation failed.
Expected header &quot;Content-Type&quot; was not &quot;application/json&quot;, was &quot;text/plain;charset=UTF-8&quot;. Headers are:
Vary=Origin
Vary=Access-Control-Request-Method
Vary=Access-Control-Request-Headers
X-Content-Type-Options=nosniff
X-XSS-Protection=0
Cache-Control=no-cache, no-store, max-age=0, must-revalidate
Pragma=no-cache
Expires=0
X-Frame-Options=DENY
Content-Type=text/plain;charset=UTF-8
Content-Length=20
Date=Tue, 21 May 2024 10:38:10 GMT
Keep-Alive=timeout=60
Connection=keep-alive

	at org.codehaus.groovy.runtime.callsite.ConstructorSite$ConstructorSiteNoUnwrapNoCoerce.callConstructor(ConstructorSite.java:108)
	at org.codehaus.groovy.runtime.callsite.AbstractCallSite.callConstructor(AbstractCallSite.java:277)
	at io.restassured.internal.ResponseSpecificationImpl$HamcrestAssertionClosure.validate(ResponseSpecificationImpl.groovy:512)
	at io.restassured.internal.ResponseSpecificationImpl$HamcrestAssertionClosure$validate$1.call(Unknown Source)
	at io.restassured.internal.ResponseSpecificationImpl.validateResponseIfRequired(ResponseSpecificationImpl.groovy:696)
	at io.restassured.internal.ResponseSpecificationImpl.this$2$validateResponseIfRequired(ResponseSpecificationImpl.groovy)
	at org.codehaus.groovy.runtime.callsite.PlainObjectMetaMethodSite.doInvoke(PlainObjectMetaMethodSite.java:43)
	at org.codehaus.groovy.runtime.callsite.PogoMetaMethodSite$PogoCachedMethodSiteNoUnwrapNoCoerce.invoke(PogoMetaMethodSite.java:198)
	at org.codehaus.groovy.runtime.callsite.PogoMetaMethodSite.callCurrent(PogoMetaMethodSite.java:62)
	at org.codehaus.groovy.runtime.callsite.AbstractCallSite.callCurrent(AbstractCallSite.java:185)
	at io.restassured.internal.ResponseSpecificationImpl.header(ResponseSpecificationImpl.groovy:191)
	at io.restassured.specification.ResponseSpecification$header$1.callCurrent(Unknown Source)
	at io.restassured.internal.ResponseSpecificationImpl.header(ResponseSpecificationImpl.groovy:198)
	at io.restassured.internal.ValidatableResponseOptionsImpl.header(ValidatableResponseOptionsImpl.java:124)
	at in.task_erp_api.bodyValidations.BodyValidation.responseValidation(BodyValidation.java:13)
	at in.task_erp_api.testcases.VerificationStatusFolderAPITestCases.verify_Delete_Single_Verification_Status_With_Authorization(VerificationStatusFolderAPITestCases.java:178)
	at java.base/java.util.ArrayList.forEach(ArrayList.java:1511)
... Removed 36 stack frames
</div> <!-- stack-trace -->
                </div> <!-- method-content -->
              </div> <!-- method -->
              <div class="method">
                <div class="method-content">
                  <a name="verify_Delete_Single_Verification_Status_With_Authorization(40)">
                  </a> <!-- verify_Delete_Single_Verification_Status_With_Authorization(40) -->
                  <span class="method-name">verify_Delete_Single_Verification_Status_With_Authorization</span>
                  <span class="parameters">(40)</span>
                  <div class="stack-trace">java.lang.AssertionError: 1 expectation failed.
Expected header &quot;Content-Type&quot; was not &quot;application/json&quot;, was &quot;text/plain;charset=UTF-8&quot;. Headers are:
Vary=Origin
Vary=Access-Control-Request-Method
Vary=Access-Control-Request-Headers
X-Content-Type-Options=nosniff
X-XSS-Protection=0
Cache-Control=no-cache, no-store, max-age=0, must-revalidate
Pragma=no-cache
Expires=0
X-Frame-Options=DENY
Content-Type=text/plain;charset=UTF-8
Content-Length=20
Date=Tue, 21 May 2024 10:38:10 GMT
Keep-Alive=timeout=60
Connection=keep-alive

	at org.codehaus.groovy.runtime.callsite.ConstructorSite$ConstructorSiteNoUnwrapNoCoerce.callConstructor(ConstructorSite.java:108)
	at org.codehaus.groovy.runtime.callsite.AbstractCallSite.callConstructor(AbstractCallSite.java:277)
	at io.restassured.internal.ResponseSpecificationImpl$HamcrestAssertionClosure.validate(ResponseSpecificationImpl.groovy:512)
	at io.restassured.internal.ResponseSpecificationImpl$HamcrestAssertionClosure$validate$1.call(Unknown Source)
	at io.restassured.internal.ResponseSpecificationImpl.validateResponseIfRequired(ResponseSpecificationImpl.groovy:696)
	at io.restassured.internal.ResponseSpecificationImpl.this$2$validateResponseIfRequired(ResponseSpecificationImpl.groovy)
	at org.codehaus.groovy.runtime.callsite.PlainObjectMetaMethodSite.doInvoke(PlainObjectMetaMethodSite.java:43)
	at org.codehaus.groovy.runtime.callsite.PogoMetaMethodSite$PogoCachedMethodSiteNoUnwrapNoCoerce.invoke(PogoMetaMethodSite.java:198)
	at org.codehaus.groovy.runtime.callsite.PogoMetaMethodSite.callCurrent(PogoMetaMethodSite.java:62)
	at org.codehaus.groovy.runtime.callsite.AbstractCallSite.callCurrent(AbstractCallSite.java:185)
	at io.restassured.internal.ResponseSpecificationImpl.header(ResponseSpecificationImpl.groovy:191)
	at io.restassured.specification.ResponseSpecification$header$1.callCurrent(Unknown Source)
	at io.restassured.internal.ResponseSpecificationImpl.header(ResponseSpecificationImpl.groovy:198)
	at io.restassured.internal.ValidatableResponseOptionsImpl.header(ValidatableResponseOptionsImpl.java:124)
	at in.task_erp_api.bodyValidations.BodyValidation.responseValidation(BodyValidation.java:13)
	at in.task_erp_api.testcases.VerificationStatusFolderAPITestCases.verify_Delete_Single_Verification_Status_With_Authorization(VerificationStatusFolderAPITestCases.java:178)
	at java.base/java.util.ArrayList.forEach(ArrayList.java:1511)
... Removed 36 stack frames
</div> <!-- stack-trace -->
                </div> <!-- method-content -->
              </div> <!-- method -->
              <div class="method">
                <div class="method-content">
                  <a name="verify_Update_Verification_Status_With_Authorization(40, , 19, blue, #8BCDD0)">
                  </a> <!-- verify_Update_Verification_Status_With_Authorization(40, , 19, blue, #8BCDD0) -->
                  <span class="method-name">verify_Update_Verification_Status_With_Authorization</span>
                  <span class="parameters">(40,,19,blue,#8BCDD0)</span>
                  <div class="stack-trace">java.lang.AssertionError: 1 expectation failed.
Expected status code &lt;400&gt; but was &lt;200&gt;.

	at org.codehaus.groovy.runtime.callsite.ConstructorSite$ConstructorSiteNoUnwrapNoCoerce.callConstructor(ConstructorSite.java:108)
	at org.codehaus.groovy.runtime.callsite.AbstractCallSite.callConstructor(AbstractCallSite.java:277)
	at io.restassured.internal.ResponseSpecificationImpl$HamcrestAssertionClosure.validate(ResponseSpecificationImpl.groovy:512)
	at io.restassured.internal.ResponseSpecificationImpl$HamcrestAssertionClosure$validate$1.call(Unknown Source)
	at io.restassured.internal.ResponseSpecificationImpl.validateResponseIfRequired(ResponseSpecificationImpl.groovy:696)
	at io.restassured.internal.ResponseSpecificationImpl.this$2$validateResponseIfRequired(ResponseSpecificationImpl.groovy)
	at org.codehaus.groovy.runtime.callsite.PlainObjectMetaMethodSite.doInvoke(PlainObjectMetaMethodSite.java:43)
	at org.codehaus.groovy.runtime.callsite.PogoMetaMethodSite$PogoCachedMethodSiteNoUnwrapNoCoerce.invoke(PogoMetaMethodSite.java:198)
	at org.codehaus.groovy.runtime.callsite.PogoMetaMethodSite.callCurrent(PogoMetaMethodSite.java:62)
	at org.codehaus.groovy.runtime.callsite.AbstractCallSite.callCurrent(AbstractCallSite.java:185)
	at io.restassured.internal.ResponseSpecificationImpl.statusCode(ResponseSpecificationImpl.groovy:135)
	at io.restassured.specification.ResponseSpecification$statusCode$0.callCurrent(Unknown Source)
	at io.restassured.internal.ResponseSpecificationImpl.statusCode(ResponseSpecificationImpl.groovy:143)
	at io.restassured.internal.ValidatableResponseOptionsImpl.statusCode(ValidatableResponseOptionsImpl.java:89)
	at in.task_erp_api.bodyValidations.BodyValidation.response400Validation(BodyValidation.java:38)
	at in.task_erp_api.testcases.VerificationStatusFolderAPITestCases.verify_Update_Verification_Status_With_Authorization(VerificationStatusFolderAPITestCases.java:144)
	at java.base/java.util.ArrayList.forEach(ArrayList.java:1511)
... Removed 36 stack frames
</div> <!-- stack-trace -->
                </div> <!-- method-content -->
              </div> <!-- method -->
              <div class="method">
                <div class="method-content">
                  <a name="verify_Update_Verification_Status_With_Authorization(40, Avocado, 12, grey, #AA8E42)">
                  </a> <!-- verify_Update_Verification_Status_With_Authorization(40, Avocado, 12, grey, #AA8E42) -->
                  <span class="method-name">verify_Update_Verification_Status_With_Authorization</span>
                  <span class="parameters">(40,Avocado,12,grey,#AA8E42)</span>
                  <div class="stack-trace">java.lang.AssertionError: 1 expectation failed.
Expected header &quot;Content-Type&quot; was not &quot;application/json&quot;, was &quot;text/plain;charset=UTF-8&quot;. Headers are:
Vary=Origin
Vary=Access-Control-Request-Method
Vary=Access-Control-Request-Headers
X-Content-Type-Options=nosniff
X-XSS-Protection=0
Cache-Control=no-cache, no-store, max-age=0, must-revalidate
Pragma=no-cache
Expires=0
X-Frame-Options=DENY
Content-Type=text/plain;charset=UTF-8
Content-Length=0
Date=Tue, 21 May 2024 10:38:05 GMT
Keep-Alive=timeout=60
Connection=keep-alive

	at org.codehaus.groovy.runtime.callsite.ConstructorSite$ConstructorSiteNoUnwrapNoCoerce.callConstructor(ConstructorSite.java:108)
	at org.codehaus.groovy.runtime.callsite.AbstractCallSite.callConstructor(AbstractCallSite.java:277)
	at io.restassured.internal.ResponseSpecificationImpl$HamcrestAssertionClosure.validate(ResponseSpecificationImpl.groovy:512)
	at io.restassured.internal.ResponseSpecificationImpl$HamcrestAssertionClosure$validate$1.call(Unknown Source)
	at io.restassured.internal.ResponseSpecificationImpl.validateResponseIfRequired(ResponseSpecificationImpl.groovy:696)
	at io.restassured.internal.ResponseSpecificationImpl.this$2$validateResponseIfRequired(ResponseSpecificationImpl.groovy)
	at org.codehaus.groovy.runtime.callsite.PlainObjectMetaMethodSite.doInvoke(PlainObjectMetaMethodSite.java:43)
	at org.codehaus.groovy.runtime.callsite.PogoMetaMethodSite$PogoCachedMethodSiteNoUnwrapNoCoerce.invoke(PogoMetaMethodSite.java:198)
	at org.codehaus.groovy.runtime.callsite.PogoMetaMethodSite.callCurrent(PogoMetaMethodSite.java:62)
	at org.codehaus.groovy.runtime.callsite.AbstractCallSite.callCurrent(AbstractCallSite.java:185)
	at io.restassured.internal.ResponseSpecificationImpl.header(ResponseSpecificationImpl.groovy:191)
	at io.restassured.specification.ResponseSpecification$header$1.callCurrent(Unknown Source)
	at io.restassured.internal.ResponseSpecificationImpl.header(ResponseSpecificationImpl.groovy:198)
	at io.restassured.internal.ValidatableResponseOptionsImpl.header(ValidatableResponseOptionsImpl.java:124)
	at in.task_erp_api.bodyValidations.BodyValidation.responseValidation(BodyValidation.java:13)
	at in.task_erp_api.testcases.VerificationStatusFolderAPITestCases.verify_Update_Verification_Status_With_Authorization(VerificationStatusFolderAPITestCases.java:152)
	at java.base/java.util.ArrayList.forEach(ArrayList.java:1511)
... Removed 36 stack frames
</div> <!-- stack-trace -->
                </div> <!-- method-content -->
              </div> <!-- method -->
              <div class="method">
                <div class="method-content">
                  <a name="verify_Update_Verification_Status_With_Authorization(40, Starfruit, 3, mint green, #ACD987)">
                  </a> <!-- verify_Update_Verification_Status_With_Authorization(40, Starfruit, 3, mint green, #ACD987) -->
                  <span class="method-name">verify_Update_Verification_Status_With_Authorization</span>
                  <span class="parameters">(40,Starfruit,3,mint green,#ACD987)</span>
                  <div class="stack-trace">java.lang.AssertionError: 1 expectation failed.
Expected status code &lt;409&gt; but was &lt;200&gt;.

	at org.codehaus.groovy.runtime.callsite.ConstructorSite$ConstructorSiteNoUnwrapNoCoerce.callConstructor(ConstructorSite.java:108)
	at org.codehaus.groovy.runtime.callsite.AbstractCallSite.callConstructor(AbstractCallSite.java:277)
	at io.restassured.internal.ResponseSpecificationImpl$HamcrestAssertionClosure.validate(ResponseSpecificationImpl.groovy:512)
	at io.restassured.internal.ResponseSpecificationImpl$HamcrestAssertionClosure$validate$1.call(Unknown Source)
	at io.restassured.internal.ResponseSpecificationImpl.validateResponseIfRequired(ResponseSpecificationImpl.groovy:696)
	at io.restassured.internal.ResponseSpecificationImpl.this$2$validateResponseIfRequired(ResponseSpecificationImpl.groovy)
	at org.codehaus.groovy.runtime.callsite.PlainObjectMetaMethodSite.doInvoke(PlainObjectMetaMethodSite.java:43)
	at org.codehaus.groovy.runtime.callsite.PogoMetaMethodSite$PogoCachedMethodSiteNoUnwrapNoCoerce.invoke(PogoMetaMethodSite.java:198)
	at org.codehaus.groovy.runtime.callsite.PogoMetaMethodSite.callCurrent(PogoMetaMethodSite.java:62)
	at org.codehaus.groovy.runtime.callsite.AbstractCallSite.callCurrent(AbstractCallSite.java:185)
	at io.restassured.internal.ResponseSpecificationImpl.statusCode(ResponseSpecificationImpl.groovy:135)
	at io.restassured.specification.ResponseSpecification$statusCode$0.callCurrent(Unknown Source)
	at io.restassured.internal.ResponseSpecificationImpl.statusCode(ResponseSpecificationImpl.groovy:143)
	at io.restassured.internal.ValidatableResponseOptionsImpl.statusCode(ValidatableResponseOptionsImpl.java:89)
	at in.task_erp_api.bodyValidations.BodyValidation.responseValidation(BodyValidation.java:56)
	at in.task_erp_api.testcases.VerificationStatusFolderAPITestCases.verify_Update_Verification_Status_With_Authorization(VerificationStatusFolderAPITestCases.java:150)
	at java.base/java.util.ArrayList.forEach(ArrayList.java:1511)
... Removed 36 stack frames
</div> <!-- stack-trace -->
                </div> <!-- method-content -->
              </div> <!-- method -->
              <div class="method">
                <div class="method-content">
                  <a name="verify_Update_Verification_Status_With_Authorization(40, Strawberries, 13, azure, #30BE91)">
                  </a> <!-- verify_Update_Verification_Status_With_Authorization(40, Strawberries, 13, azure, #30BE91) -->
                  <span class="method-name">verify_Update_Verification_Status_With_Authorization</span>
                  <span class="parameters">(40,Strawberries,13,azure,#30BE91)</span>
                  <div class="stack-trace">java.lang.AssertionError: 1 expectation failed.
Expected status code &lt;409&gt; but was &lt;200&gt;.

	at org.codehaus.groovy.runtime.callsite.ConstructorSite$ConstructorSiteNoUnwrapNoCoerce.callConstructor(ConstructorSite.java:108)
	at org.codehaus.groovy.runtime.callsite.AbstractCallSite.callConstructor(AbstractCallSite.java:277)
	at io.restassured.internal.ResponseSpecificationImpl$HamcrestAssertionClosure.validate(ResponseSpecificationImpl.groovy:512)
	at io.restassured.internal.ResponseSpecificationImpl$HamcrestAssertionClosure$validate$1.call(Unknown Source)
	at io.restassured.internal.ResponseSpecificationImpl.validateResponseIfRequired(ResponseSpecificationImpl.groovy:696)
	at io.restassured.internal.ResponseSpecificationImpl.this$2$validateResponseIfRequired(ResponseSpecificationImpl.groovy)
	at org.codehaus.groovy.runtime.callsite.PlainObjectMetaMethodSite.doInvoke(PlainObjectMetaMethodSite.java:43)
	at org.codehaus.groovy.runtime.callsite.PogoMetaMethodSite$PogoCachedMethodSiteNoUnwrapNoCoerce.invoke(PogoMetaMethodSite.java:198)
	at org.codehaus.groovy.runtime.callsite.PogoMetaMethodSite.callCurrent(PogoMetaMethodSite.java:62)
	at org.codehaus.groovy.runtime.callsite.AbstractCallSite.callCurrent(AbstractCallSite.java:185)
	at io.restassured.internal.ResponseSpecificationImpl.statusCode(ResponseSpecificationImpl.groovy:135)
	at io.restassured.specification.ResponseSpecification$statusCode$0.callCurrent(Unknown Source)
	at io.restassured.internal.ResponseSpecificationImpl.statusCode(ResponseSpecificationImpl.groovy:143)
	at io.restassured.internal.ValidatableResponseOptionsImpl.statusCode(ValidatableResponseOptionsImpl.java:89)
	at in.task_erp_api.bodyValidations.BodyValidation.responseValidation(BodyValidation.java:56)
	at in.task_erp_api.testcases.VerificationStatusFolderAPITestCases.verify_Update_Verification_Status_With_Authorization(VerificationStatusFolderAPITestCases.java:150)
	at java.base/java.util.ArrayList.forEach(ArrayList.java:1511)
... Removed 36 stack frames
</div> <!-- stack-trace -->
                </div> <!-- method-content -->
              </div> <!-- method -->
              <div class="method">
                <div class="method-content">
                  <a name="verify_Update_Verification_Status_With_Authorization(40, Juniper Berries, 15, sky blue, #06FAD5)">
                  </a> <!-- verify_Update_Verification_Status_With_Authorization(40, Juniper Berries, 15, sky blue, #06FAD5) -->
                  <span class="method-name">verify_Update_Verification_Status_With_Authorization</span>
                  <span class="parameters">(40,Juniper Berries,15,sky blue,#06FAD5)</span>
                  <div class="stack-trace">java.lang.AssertionError: 1 expectation failed.
Expected status code &lt;409&gt; but was &lt;200&gt;.

	at org.codehaus.groovy.runtime.callsite.ConstructorSite$ConstructorSiteNoUnwrapNoCoerce.callConstructor(ConstructorSite.java:108)
	at org.codehaus.groovy.runtime.callsite.AbstractCallSite.callConstructor(AbstractCallSite.java:277)
	at io.restassured.internal.ResponseSpecificationImpl$HamcrestAssertionClosure.validate(ResponseSpecificationImpl.groovy:512)
	at io.restassured.internal.ResponseSpecificationImpl$HamcrestAssertionClosure$validate$1.call(Unknown Source)
	at io.restassured.internal.ResponseSpecificationImpl.validateResponseIfRequired(ResponseSpecificationImpl.groovy:696)
	at io.restassured.internal.ResponseSpecificationImpl.this$2$validateResponseIfRequired(ResponseSpecificationImpl.groovy)
	at org.codehaus.groovy.runtime.callsite.PlainObjectMetaMethodSite.doInvoke(PlainObjectMetaMethodSite.java:43)
	at org.codehaus.groovy.runtime.callsite.PogoMetaMethodSite$PogoCachedMethodSiteNoUnwrapNoCoerce.invoke(PogoMetaMethodSite.java:198)
	at org.codehaus.groovy.runtime.callsite.PogoMetaMethodSite.callCurrent(PogoMetaMethodSite.java:62)
	at org.codehaus.groovy.runtime.callsite.AbstractCallSite.callCurrent(AbstractCallSite.java:185)
	at io.restassured.internal.ResponseSpecificationImpl.statusCode(ResponseSpecificationImpl.groovy:135)
	at io.restassured.specification.ResponseSpecification$statusCode$0.callCurrent(Unknown Source)
	at io.restassured.internal.ResponseSpecificationImpl.statusCode(ResponseSpecificationImpl.groovy:143)
	at io.restassured.internal.ValidatableResponseOptionsImpl.statusCode(ValidatableResponseOptionsImpl.java:89)
	at in.task_erp_api.bodyValidations.BodyValidation.responseValidation(BodyValidation.java:56)
	at in.task_erp_api.testcases.VerificationStatusFolderAPITestCases.verify_Update_Verification_Status_With_Authorization(VerificationStatusFolderAPITestCases.java:150)
	at java.base/java.util.ArrayList.forEach(ArrayList.java:1511)
... Removed 36 stack frames
</div> <!-- stack-trace -->
                </div> <!-- method-content -->
              </div> <!-- method -->
              <div class="method">
                <div class="method-content">
                  <a name="verify_Update_Verification_Status_With_Authorization(40, Cantaloupe, 16, ivory, )">
                  </a> <!-- verify_Update_Verification_Status_With_Authorization(40, Cantaloupe, 16, ivory, ) -->
                  <span class="method-name">verify_Update_Verification_Status_With_Authorization</span>
                  <span class="parameters">(40,Cantaloupe,16,ivory,)</span>
                  <div class="stack-trace">java.lang.AssertionError: 1 expectation failed.
Expected status code &lt;400&gt; but was &lt;200&gt;.

	at org.codehaus.groovy.runtime.callsite.ConstructorSite$ConstructorSiteNoUnwrapNoCoerce.callConstructor(ConstructorSite.java:108)
	at org.codehaus.groovy.runtime.callsite.AbstractCallSite.callConstructor(AbstractCallSite.java:277)
	at io.restassured.internal.ResponseSpecificationImpl$HamcrestAssertionClosure.validate(ResponseSpecificationImpl.groovy:512)
	at io.restassured.internal.ResponseSpecificationImpl$HamcrestAssertionClosure$validate$1.call(Unknown Source)
	at io.restassured.internal.ResponseSpecificationImpl.validateResponseIfRequired(ResponseSpecificationImpl.groovy:696)
	at io.restassured.internal.ResponseSpecificationImpl.this$2$validateResponseIfRequired(ResponseSpecificationImpl.groovy)
	at org.codehaus.groovy.runtime.callsite.PlainObjectMetaMethodSite.doInvoke(PlainObjectMetaMethodSite.java:43)
	at org.codehaus.groovy.runtime.callsite.PogoMetaMethodSite$PogoCachedMethodSiteNoUnwrapNoCoerce.invoke(PogoMetaMethodSite.java:198)
	at org.codehaus.groovy.runtime.callsite.PogoMetaMethodSite.callCurrent(PogoMetaMethodSite.java:62)
	at org.codehaus.groovy.runtime.callsite.AbstractCallSite.callCurrent(AbstractCallSite.java:185)
	at io.restassured.internal.ResponseSpecificationImpl.statusCode(ResponseSpecificationImpl.groovy:135)
	at io.restassured.specification.ResponseSpecification$statusCode$0.callCurrent(Unknown Source)
	at io.restassured.internal.ResponseSpecificationImpl.statusCode(ResponseSpecificationImpl.groovy:143)
	at io.restassured.internal.ValidatableResponseOptionsImpl.statusCode(ValidatableResponseOptionsImpl.java:89)
	at in.task_erp_api.bodyValidations.BodyValidation.response400Validation(BodyValidation.java:38)
	at in.task_erp_api.testcases.VerificationStatusFolderAPITestCases.verify_Update_Verification_Status_With_Authorization(VerificationStatusFolderAPITestCases.java:144)
	at java.base/java.util.ArrayList.forEach(ArrayList.java:1511)
... Removed 36 stack frames
</div> <!-- stack-trace -->
                </div> <!-- method-content -->
              </div> <!-- method -->
              <div class="method">
                <div class="method-content">
                  <a name="verify_Update_Verification_Status_With_Authorization(40, Papaw, 11, , #E05DD4)">
                  </a> <!-- verify_Update_Verification_Status_With_Authorization(40, Papaw, 11, , #E05DD4) -->
                  <span class="method-name">verify_Update_Verification_Status_With_Authorization</span>
                  <span class="parameters">(40,Papaw,11,,#E05DD4)</span>
                  <div class="stack-trace">java.lang.AssertionError: 1 expectation failed.
Expected status code &lt;400&gt; but was &lt;200&gt;.

	at org.codehaus.groovy.runtime.callsite.ConstructorSite$ConstructorSiteNoUnwrapNoCoerce.callConstructor(ConstructorSite.java:108)
	at org.codehaus.groovy.runtime.callsite.AbstractCallSite.callConstructor(AbstractCallSite.java:277)
	at io.restassured.internal.ResponseSpecificationImpl$HamcrestAssertionClosure.validate(ResponseSpecificationImpl.groovy:512)
	at io.restassured.internal.ResponseSpecificationImpl$HamcrestAssertionClosure$validate$1.call(Unknown Source)
	at io.restassured.internal.ResponseSpecificationImpl.validateResponseIfRequired(ResponseSpecificationImpl.groovy:696)
	at io.restassured.internal.ResponseSpecificationImpl.this$2$validateResponseIfRequired(ResponseSpecificationImpl.groovy)
	at org.codehaus.groovy.runtime.callsite.PlainObjectMetaMethodSite.doInvoke(PlainObjectMetaMethodSite.java:43)
	at org.codehaus.groovy.runtime.callsite.PogoMetaMethodSite$PogoCachedMethodSiteNoUnwrapNoCoerce.invoke(PogoMetaMethodSite.java:198)
	at org.codehaus.groovy.runtime.callsite.PogoMetaMethodSite.callCurrent(PogoMetaMethodSite.java:62)
	at org.codehaus.groovy.runtime.callsite.AbstractCallSite.callCurrent(AbstractCallSite.java:185)
	at io.restassured.internal.ResponseSpecificationImpl.statusCode(ResponseSpecificationImpl.groovy:135)
	at io.restassured.specification.ResponseSpecification$statusCode$0.callCurrent(Unknown Source)
	at io.restassured.internal.ResponseSpecificationImpl.statusCode(ResponseSpecificationImpl.groovy:143)
	at io.restassured.internal.ValidatableResponseOptionsImpl.statusCode(ValidatableResponseOptionsImpl.java:89)
	at in.task_erp_api.bodyValidations.BodyValidation.response400Validation(BodyValidation.java:38)
	at in.task_erp_api.testcases.VerificationStatusFolderAPITestCases.verify_Update_Verification_Status_With_Authorization(VerificationStatusFolderAPITestCases.java:144)
	at java.base/java.util.ArrayList.forEach(ArrayList.java:1511)
... Removed 36 stack frames
</div> <!-- stack-trace -->
                </div> <!-- method-content -->
              </div> <!-- method -->
              <div class="method">
                <div class="method-content">
                  <a name="verify_Update_Verification_Status_With_Authorization(40, Avocado, 17, grey, #C2A4F8)">
                  </a> <!-- verify_Update_Verification_Status_With_Authorization(40, Avocado, 17, grey, #C2A4F8) -->
                  <span class="method-name">verify_Update_Verification_Status_With_Authorization</span>
                  <span class="parameters">(40,Avocado,17,grey,#C2A4F8)</span>
                  <div class="stack-trace">java.lang.AssertionError: 1 expectation failed.
Expected status code &lt;409&gt; but was &lt;200&gt;.

	at org.codehaus.groovy.runtime.callsite.ConstructorSite$ConstructorSiteNoUnwrapNoCoerce.callConstructor(ConstructorSite.java:108)
	at org.codehaus.groovy.runtime.callsite.AbstractCallSite.callConstructor(AbstractCallSite.java:277)
	at io.restassured.internal.ResponseSpecificationImpl$HamcrestAssertionClosure.validate(ResponseSpecificationImpl.groovy:512)
	at io.restassured.internal.ResponseSpecificationImpl$HamcrestAssertionClosure$validate$1.call(Unknown Source)
	at io.restassured.internal.ResponseSpecificationImpl.validateResponseIfRequired(ResponseSpecificationImpl.groovy:696)
	at io.restassured.internal.ResponseSpecificationImpl.this$2$validateResponseIfRequired(ResponseSpecificationImpl.groovy)
	at org.codehaus.groovy.runtime.callsite.PlainObjectMetaMethodSite.doInvoke(PlainObjectMetaMethodSite.java:43)
	at org.codehaus.groovy.runtime.callsite.PogoMetaMethodSite$PogoCachedMethodSiteNoUnwrapNoCoerce.invoke(PogoMetaMethodSite.java:198)
	at org.codehaus.groovy.runtime.callsite.PogoMetaMethodSite.callCurrent(PogoMetaMethodSite.java:62)
	at org.codehaus.groovy.runtime.callsite.AbstractCallSite.callCurrent(AbstractCallSite.java:185)
	at io.restassured.internal.ResponseSpecificationImpl.statusCode(ResponseSpecificationImpl.groovy:135)
	at io.restassured.specification.ResponseSpecification$statusCode$0.callCurrent(Unknown Source)
	at io.restassured.internal.ResponseSpecificationImpl.statusCode(ResponseSpecificationImpl.groovy:143)
	at io.restassured.internal.ValidatableResponseOptionsImpl.statusCode(ValidatableResponseOptionsImpl.java:89)
	at in.task_erp_api.bodyValidations.BodyValidation.responseValidation(BodyValidation.java:56)
	at in.task_erp_api.testcases.VerificationStatusFolderAPITestCases.verify_Update_Verification_Status_With_Authorization(VerificationStatusFolderAPITestCases.java:150)
	at java.base/java.util.ArrayList.forEach(ArrayList.java:1511)
... Removed 36 stack frames
</div> <!-- stack-trace -->
                </div> <!-- method-content -->
              </div> <!-- method -->
            </div> <!-- main-panel-content rounded-window-bottom -->
          </div> <!-- suite-Suite-class-failed -->
          <div class="suite-Suite-class-passed">
            <div class="main-panel-header rounded-window-top">
              <img src="passed.png"/>
              <span class="class-name">in.task_erp_api.testcases.LoginEmployeeAPITestCases</span>
            </div> <!-- main-panel-header rounded-window-top -->
            <div class="main-panel-content rounded-window-bottom">
              <div class="method">
                <div class="method-content">
                  <a name="verify_Login_Employee_By_Giving_Invalid_LoginId">
                  </a> <!-- verify_Login_Employee_By_Giving_Invalid_LoginId -->
                  <span class="method-name">verify_Login_Employee_By_Giving_Invalid_LoginId</span>
                </div> <!-- method-content -->
              </div> <!-- method -->
              <div class="method">
                <div class="method-content">
                  <a name="verify_Login_Employee_By_Giving_Invalid_Password">
                  </a> <!-- verify_Login_Employee_By_Giving_Invalid_Password -->
                  <span class="method-name">verify_Login_Employee_By_Giving_Invalid_Password</span>
                </div> <!-- method-content -->
              </div> <!-- method -->
              <div class="method">
                <div class="method-content">
                  <a name="verify_Login_Employee_By_Giving_Valid_Data">
                  </a> <!-- verify_Login_Employee_By_Giving_Valid_Data -->
                  <span class="method-name">verify_Login_Employee_By_Giving_Valid_Data</span>
                </div> <!-- method-content -->
              </div> <!-- method -->
            </div> <!-- main-panel-content rounded-window-bottom -->
          </div> <!-- suite-Suite-class-passed -->
          <div class="suite-Suite-class-passed">
            <div class="main-panel-header rounded-window-top">
              <img src="passed.png"/>
              <span class="class-name">in.task_erp_api.testcases.VerificationStatusFolderAPITestCases</span>
            </div> <!-- main-panel-header rounded-window-top -->
            <div class="main-panel-content rounded-window-bottom">
              <div class="method">
                <div class="method-content">
                  <a name="verify_Add_Verification_Status_With_Authorization(Juniper Berries, 15, lavender, #864753)">
                  </a> <!-- verify_Add_Verification_Status_With_Authorization(Juniper Berries, 15, lavender, #864753) -->
                  <span class="method-name">verify_Add_Verification_Status_With_Authorization</span>
                  <span class="parameters">(Juniper Berries,15,lavender,#864753)</span>
                </div> <!-- method-content -->
              </div> <!-- method -->
              <div class="method">
                <div class="method-content">
                  <a name="verify_Add_Verification_Status_With_Authorization(Not Verified, 14, orchid, #96AA1F)">
                  </a> <!-- verify_Add_Verification_Status_With_Authorization(Not Verified, 14, orchid, #96AA1F) -->
                  <span class="method-name">verify_Add_Verification_Status_With_Authorization</span>
                  <span class="parameters">(Not Verified,14,orchid,#96AA1F)</span>
                </div> <!-- method-content -->
              </div> <!-- method -->
              <div class="method">
                <div class="method-content">
                  <a name="verify_Add_Verification_Status_With_Authorization(, 12, azure, #45E618)">
                  </a> <!-- verify_Add_Verification_Status_With_Authorization(, 12, azure, #45E618) -->
                  <span class="method-name">verify_Add_Verification_Status_With_Authorization</span>
                  <span class="parameters">(,12,azure,#45E618)</span>
                </div> <!-- method-content -->
              </div> <!-- method -->
              <div class="method">
                <div class="method-content">
                  <a name="verify_Add_Verification_Status_With_Authorization(Loquats, 11, , #19BC54)">
                  </a> <!-- verify_Add_Verification_Status_With_Authorization(Loquats, 11, , #19BC54) -->
                  <span class="method-name">verify_Add_Verification_Status_With_Authorization</span>
                  <span class="parameters">(Loquats,11,,#19BC54)</span>
                </div> <!-- method-content -->
              </div> <!-- method -->
              <div class="method">
                <div class="method-content">
                  <a name="verify_Add_Verification_Status_With_Authorization(Sultanas, 15, white, )">
                  </a> <!-- verify_Add_Verification_Status_With_Authorization(Sultanas, 15, white, ) -->
                  <span class="method-name">verify_Add_Verification_Status_With_Authorization</span>
                  <span class="parameters">(Sultanas,15,white,)</span>
                </div> <!-- method-content -->
              </div> <!-- method -->
              <div class="method">
                <div class="method-content">
                  <a name="verify_Add_Verification_Status_Without_Authorization">
                  </a> <!-- verify_Add_Verification_Status_Without_Authorization -->
                  <span class="method-name">verify_Add_Verification_Status_Without_Authorization</span>
                </div> <!-- method-content -->
              </div> <!-- method -->
              <div class="method">
                <div class="method-content">
                  <a name="verify_Delete_Single_Verification_Status_With_Authorization(51)">
                  </a> <!-- verify_Delete_Single_Verification_Status_With_Authorization(51) -->
                  <span class="method-name">verify_Delete_Single_Verification_Status_With_Authorization</span>
                  <span class="parameters">(51)</span>
                </div> <!-- method-content -->
              </div> <!-- method -->
              <div class="method">
                <div class="method-content">
                  <a name="verify_Delete_Verification_Status_Without_Authorization">
                  </a> <!-- verify_Delete_Verification_Status_Without_Authorization -->
                  <span class="method-name">verify_Delete_Verification_Status_Without_Authorization</span>
                </div> <!-- method-content -->
              </div> <!-- method -->
              <div class="method">
                <div class="method-content">
                  <a name="verify_Get_All_Verification_Statuses_With_Authorization">
                  </a> <!-- verify_Get_All_Verification_Statuses_With_Authorization -->
                  <span class="method-name">verify_Get_All_Verification_Statuses_With_Authorization</span>
                </div> <!-- method-content -->
              </div> <!-- method -->
              <div class="method">
                <div class="method-content">
                  <a name="verify_Get_All_Verification_Statuses_Without_Authorization">
                  </a> <!-- verify_Get_All_Verification_Statuses_Without_Authorization -->
                  <span class="method-name">verify_Get_All_Verification_Statuses_Without_Authorization</span>
                </div> <!-- method-content -->
              </div> <!-- method -->
              <div class="method">
                <div class="method-content">
                  <a name="verify_Update_Verification_Status_With_Authorization(68, Limes, 10, white, #8A8FD5)">
                  </a> <!-- verify_Update_Verification_Status_With_Authorization(68, Limes, 10, white, #8A8FD5) -->
                  <span class="method-name">verify_Update_Verification_Status_With_Authorization</span>
                  <span class="parameters">(68,Limes,10,white,#8A8FD5)</span>
                </div> <!-- method-content -->
              </div> <!-- method -->
              <div class="method">
                <div class="method-content">
                  <a name="verify_Update_Verification_Status_Without_Authorization">
                  </a> <!-- verify_Update_Verification_Status_Without_Authorization -->
                  <span class="method-name">verify_Update_Verification_Status_Without_Authorization</span>
                </div> <!-- method-content -->
              </div> <!-- method -->
            </div> <!-- main-panel-content rounded-window-bottom -->
          </div> <!-- suite-Suite-class-passed -->
        </div> <!-- panel Suite -->
        <div panel-name="test-xml-Suite" class="panel">
          <div class="main-panel-header rounded-window-top">
            <span class="header-content">C:\Users\Lenovo\eclipse-workspace\ERP_API_And_Database_Automation_Framework\testng1.xml</span>
          </div> <!-- main-panel-header rounded-window-top -->
          <div class="main-panel-content rounded-window-bottom">
            <pre>
&lt;?xml version=&quot;1.0&quot; encoding=&quot;UTF-8&quot;?&gt;
&lt;!DOCTYPE suite SYSTEM &quot;https://testng.org/testng-1.0.dtd&quot;&gt;
&lt;suite name=&quot;Suite&quot; guice-stage=&quot;DEVELOPMENT&quot;&gt;
  &lt;test thread-count=&quot;5&quot; name=&quot;Test&quot;&gt;
    &lt;classes&gt;
      &lt;class name=&quot;in.task_erp_api.testcases.LoginEmployeeAPITestCases&quot;/&gt;
      &lt;class name=&quot;in.task_erp_api.testcases.VerificationStatusFolderAPITestCases&quot;/&gt;
    &lt;/classes&gt;
  &lt;/test&gt; &lt;!-- Test --&gt;
&lt;/suite&gt; &lt;!-- Suite --&gt;
            </pre>
          </div> <!-- main-panel-content rounded-window-bottom -->
        </div> <!-- panel -->
        <div panel-name="testlist-Suite" class="panel">
          <div class="main-panel-header rounded-window-top">
            <span class="header-content">Tests for Suite</span>
          </div> <!-- main-panel-header rounded-window-top -->
          <div class="main-panel-content rounded-window-bottom">
            <ul>
              <li>
                <span class="test-name">Test (2 classes)</span>
              </li>
            </ul>
          </div> <!-- main-panel-content rounded-window-bottom -->
        </div> <!-- panel -->
        <div panel-name="group-Suite" class="panel">
          <div class="main-panel-header rounded-window-top">
            <span class="header-content">Groups for Suite</span>
          </div> <!-- main-panel-header rounded-window-top -->
          <div class="main-panel-content rounded-window-bottom">
          </div> <!-- main-panel-content rounded-window-bottom -->
        </div> <!-- panel -->
        <div panel-name="times-Suite" class="panel">
          <div class="main-panel-header rounded-window-top">
            <span class="header-content">Times for Suite</span>
          </div> <!-- main-panel-header rounded-window-top -->
          <div class="main-panel-content rounded-window-bottom">
            <div class="times-div">
              <script type="text/javascript">
suiteTableInitFunctions.push('tableData_Suite');
function tableData_Suite() {
var data = new google.visualization.DataTable();
data.addColumn('number', 'Number');
data.addColumn('string', 'Method');
data.addColumn('string', 'Class');
data.addColumn('number', 'Time (ms)');
data.addRows(28);
data.setCell(0, 0, 0)
data.setCell(0, 1, 'verify_Login_Employee_By_Giving_Valid_Data')
data.setCell(0, 2, 'in.task_erp_api.testcases.LoginEmployeeAPITestCases')
data.setCell(0, 3, 2559);
data.setCell(1, 0, 1)
data.setCell(1, 1, 'verify_Add_Verification_Status_With_Authorization')
data.setCell(1, 2, 'in.task_erp_api.testcases.VerificationStatusFolderAPITestCases')
data.setCell(1, 3, 729);
data.setCell(2, 0, 2)
data.setCell(2, 1, 'verify_Add_Verification_Status_With_Authorization')
data.setCell(2, 2, 'in.task_erp_api.testcases.VerificationStatusFolderAPITestCases')
data.setCell(2, 3, 721);
data.setCell(3, 0, 3)
data.setCell(3, 1, 'verify_Login_Employee_By_Giving_Invalid_Password')
data.setCell(3, 2, 'in.task_erp_api.testcases.LoginEmployeeAPITestCases')
data.setCell(3, 3, 540);
data.setCell(4, 0, 4)
data.setCell(4, 1, 'verify_Update_Verification_Status_With_Authorization')
data.setCell(4, 2, 'in.task_erp_api.testcases.VerificationStatusFolderAPITestCases')
data.setCell(4, 3, 512);
data.setCell(5, 0, 5)
data.setCell(5, 1, 'verify_Update_Verification_Status_With_Authorization')
data.setCell(5, 2, 'in.task_erp_api.testcases.VerificationStatusFolderAPITestCases')
data.setCell(5, 3, 477);
data.setCell(6, 0, 6)
data.setCell(6, 1, 'verify_Update_Verification_Status_With_Authorization')
data.setCell(6, 2, 'in.task_erp_api.testcases.VerificationStatusFolderAPITestCases')
data.setCell(6, 3, 475);
data.setCell(7, 0, 7)
data.setCell(7, 1, 'verify_Update_Verification_Status_With_Authorization')
data.setCell(7, 2, 'in.task_erp_api.testcases.VerificationStatusFolderAPITestCases')
data.setCell(7, 3, 475);
data.setCell(8, 0, 8)
data.setCell(8, 1, 'verify_Update_Verification_Status_With_Authorization')
data.setCell(8, 2, 'in.task_erp_api.testcases.VerificationStatusFolderAPITestCases')
data.setCell(8, 3, 473);
data.setCell(9, 0, 9)
data.setCell(9, 1, 'verify_Delete_Single_Verification_Status_With_Authorization')
data.setCell(9, 2, 'in.task_erp_api.testcases.VerificationStatusFolderAPITestCases')
data.setCell(9, 3, 472);
data.setCell(10, 0, 10)
data.setCell(10, 1, 'verify_Update_Verification_Status_With_Authorization')
data.setCell(10, 2, 'in.task_erp_api.testcases.VerificationStatusFolderAPITestCases')
data.setCell(10, 3, 472);
data.setCell(11, 0, 11)
data.setCell(11, 1, 'verify_Add_Verification_Status_With_Authorization')
data.setCell(11, 2, 'in.task_erp_api.testcases.VerificationStatusFolderAPITestCases')
data.setCell(11, 3, 450);
data.setCell(12, 0, 12)
data.setCell(12, 1, 'verify_Update_Verification_Status_With_Authorization')
data.setCell(12, 2, 'in.task_erp_api.testcases.VerificationStatusFolderAPITestCases')
data.setCell(12, 3, 442);
data.setCell(13, 0, 13)
data.setCell(13, 1, 'verify_Update_Verification_Status_With_Authorization')
data.setCell(13, 2, 'in.task_erp_api.testcases.VerificationStatusFolderAPITestCases')
data.setCell(13, 3, 440);
data.setCell(14, 0, 14)
data.setCell(14, 1, 'verify_Update_Verification_Status_With_Authorization')
data.setCell(14, 2, 'in.task_erp_api.testcases.VerificationStatusFolderAPITestCases')
data.setCell(14, 3, 438);
data.setCell(15, 0, 15)
data.setCell(15, 1, 'verify_Add_Verification_Status_With_Authorization')
data.setCell(15, 2, 'in.task_erp_api.testcases.VerificationStatusFolderAPITestCases')
data.setCell(15, 3, 423);
data.setCell(16, 0, 16)
data.setCell(16, 1, 'verify_Add_Verification_Status_With_Authorization')
data.setCell(16, 2, 'in.task_erp_api.testcases.VerificationStatusFolderAPITestCases')
data.setCell(16, 3, 409);
data.setCell(17, 0, 17)
data.setCell(17, 1, 'verify_Add_Verification_Status_With_Authorization')
data.setCell(17, 2, 'in.task_erp_api.testcases.VerificationStatusFolderAPITestCases')
data.setCell(17, 3, 399);
data.setCell(18, 0, 18)
data.setCell(18, 1, 'verify_Delete_Single_Verification_Status_With_Authorization')
data.setCell(18, 2, 'in.task_erp_api.testcases.VerificationStatusFolderAPITestCases')
data.setCell(18, 3, 399);
data.setCell(19, 0, 19)
data.setCell(19, 1, 'verify_Delete_Single_Verification_Status_With_Authorization')
data.setCell(19, 2, 'in.task_erp_api.testcases.VerificationStatusFolderAPITestCases')
data.setCell(19, 3, 395);
data.setCell(20, 0, 20)
data.setCell(20, 1, 'verify_Add_Verification_Status_With_Authorization')
data.setCell(20, 2, 'in.task_erp_api.testcases.VerificationStatusFolderAPITestCases')
data.setCell(20, 3, 392);
data.setCell(21, 0, 21)
data.setCell(21, 1, 'verify_Add_Verification_Status_With_Authorization')
data.setCell(21, 2, 'in.task_erp_api.testcases.VerificationStatusFolderAPITestCases')
data.setCell(21, 3, 380);
data.setCell(22, 0, 22)
data.setCell(22, 1, 'verify_Add_Verification_Status_Without_Authorization')
data.setCell(22, 2, 'in.task_erp_api.testcases.VerificationStatusFolderAPITestCases')
data.setCell(22, 3, 283);
data.setCell(23, 0, 23)
data.setCell(23, 1, 'verify_Update_Verification_Status_Without_Authorization')
data.setCell(23, 2, 'in.task_erp_api.testcases.VerificationStatusFolderAPITestCases')
data.setCell(23, 3, 149);
data.setCell(24, 0, 24)
data.setCell(24, 1, 'verify_Get_All_Verification_Statuses_With_Authorization')
data.setCell(24, 2, 'in.task_erp_api.testcases.VerificationStatusFolderAPITestCases')
data.setCell(24, 3, 138);
data.setCell(25, 0, 25)
data.setCell(25, 1, 'verify_Login_Employee_By_Giving_Invalid_LoginId')
data.setCell(25, 2, 'in.task_erp_api.testcases.LoginEmployeeAPITestCases')
data.setCell(25, 3, 109);
data.setCell(26, 0, 26)
data.setCell(26, 1, 'verify_Get_All_Verification_Statuses_Without_Authorization')
data.setCell(26, 2, 'in.task_erp_api.testcases.VerificationStatusFolderAPITestCases')
data.setCell(26, 3, 80);
data.setCell(27, 0, 27)
data.setCell(27, 1, 'verify_Delete_Verification_Status_Without_Authorization')
data.setCell(27, 2, 'in.task_erp_api.testcases.VerificationStatusFolderAPITestCases')
data.setCell(27, 3, 65);
window.suiteTableData['Suite']= { tableData: data, tableDiv: 'times-div-Suite'}
return data;
}
              </script>
              <span class="suite-total-time">Total running time: 13 seconds</span>
              <div id="times-div-Suite">
              </div> <!-- times-div-Suite -->
            </div> <!-- times-div -->
          </div> <!-- main-panel-content rounded-window-bottom -->
        </div> <!-- panel -->
        <div panel-name="reporter-Suite" class="panel">
          <div class="main-panel-header rounded-window-top">
            <span class="header-content">Reporter output for Suite</span>
          </div> <!-- main-panel-header rounded-window-top -->
          <div class="main-panel-content rounded-window-bottom">
          </div> <!-- main-panel-content rounded-window-bottom -->
        </div> <!-- panel -->
        <div panel-name="ignored-methods-Suite" class="panel">
          <div class="main-panel-header rounded-window-top">
            <span class="header-content">2 ignored methods</span>
          </div> <!-- main-panel-header rounded-window-top -->
          <div class="main-panel-content rounded-window-bottom">
            <div class="ignored-class-div">
              <span class="ignored-class-name">in.task_erp_api.testcases.VerificationStatusFolderAPITestCases</span>
              <div class="ignored-methods-div">
                <span class="ignored-method-name">startBackendServer</span>
                <br/>
                <span class="ignored-method-name">flush_Extent_Report</span>
                <br/>
              </div> <!-- ignored-methods-div -->
            </div> <!-- ignored-class-div -->
          </div> <!-- main-panel-content rounded-window-bottom -->
        </div> <!-- panel -->
        <div panel-name="chronological-Suite" class="panel">
          <div class="main-panel-header rounded-window-top">
            <span class="header-content">Methods in chronological order</span>
          </div> <!-- main-panel-header rounded-window-top -->
          <div class="main-panel-content rounded-window-bottom">
            <div class="chronological-class">
              <div class="chronological-class-name">in.task_erp_api.testcases.LoginEmployeeAPITestCases</div> <!-- chronological-class-name -->
              <div class="configuration-suite before">
                <span class="method-name">startBackendServer</span>
                <span class="method-start">0 ms</span>
              </div> <!-- configuration-suite before -->
              <div class="configuration-class before">
                <span class="method-name">extent_Report_Setup</span>
                <span class="method-start">699 ms</span>
              </div> <!-- configuration-class before -->
              <div class="test-method">
                <span class="method-name">verify_Login_Employee_By_Giving_Valid_Data</span>
                <span class="method-start">965 ms</span>
              </div> <!-- test-method -->
              <div class="configuration-method after">
                <span class="method-name">test_Method_Exection_Result([TestResult name=verify_Login_Employee_By_Giving_Valid_Data status=SUCCESS method=LoginEmployeeAPITe...)</span>
                <span class="method-start">3527 ms</span>
              </div> <!-- configuration-method after -->
              <div class="test-method">
                <span class="method-name">verify_Login_Employee_By_Giving_Invalid_LoginId</span>
                <span class="method-start">3543 ms</span>
              </div> <!-- test-method -->
              <div class="configuration-method after">
                <span class="method-name">test_Method_Exection_Result([TestResult name=verify_Login_Employee_By_Giving_Invalid_LoginId status=SUCCESS method=LoginEmployee...)</span>
                <span class="method-start">3653 ms</span>
              </div> <!-- configuration-method after -->
              <div class="test-method">
                <span class="method-name">verify_Login_Employee_By_Giving_Invalid_Password</span>
                <span class="method-start">3654 ms</span>
              </div> <!-- test-method -->
              <div class="configuration-method after">
                <span class="method-name">test_Method_Exection_Result([TestResult name=verify_Login_Employee_By_Giving_Invalid_Password status=SUCCESS method=LoginEmploye...)</span>
                <span class="method-start">4195 ms</span>
              </div> <!-- configuration-method after -->
            </div> <!-- chronological-class -->
            <div class="chronological-class">
              <div class="chronological-class-name">in.task_erp_api.testcases.VerificationStatusFolderAPITestCases</div> <!-- chronological-class-name -->
              <div class="configuration-class before">
                <span class="method-name">extent_Report_Setup</span>
                <span class="method-start">4196 ms</span>
              </div> <!-- configuration-class before -->
              <div class="test-method">
                <span class="method-name">verify_Add_Verification_Status_Without_Authorization</span>
                <span class="method-start">4198 ms</span>
              </div> <!-- test-method -->
              <div class="configuration-method after">
                <span class="method-name">test_Method_Exection_Result([TestResult name=verify_Add_Verification_Status_Without_Authorization status=SUCCESS method=Verifica...)</span>
                <span class="method-start">4482 ms</span>
              </div> <!-- configuration-method after -->
              <div class="test-method">
                <span class="method-name">verify_Get_All_Verification_Statuses_Without_Authorization</span>
                <span class="method-start">4484 ms</span>
              </div> <!-- test-method -->
              <div class="configuration-method after">
                <span class="method-name">test_Method_Exection_Result([TestResult name=verify_Get_All_Verification_Statuses_Without_Authorization status=SUCCESS method=Ve...)</span>
                <span class="method-start">4565 ms</span>
              </div> <!-- configuration-method after -->
              <div class="test-method">
                <span class="method-name">verify_Update_Verification_Status_Without_Authorization</span>
                <span class="method-start">4567 ms</span>
              </div> <!-- test-method -->
              <div class="configuration-method after">
                <span class="method-name">test_Method_Exection_Result([TestResult name=verify_Update_Verification_Status_Without_Authorization status=SUCCESS method=Verif...)</span>
                <span class="method-start">4718 ms</span>
              </div> <!-- configuration-method after -->
              <div class="test-method">
                <span class="method-name">verify_Delete_Verification_Status_Without_Authorization</span>
                <span class="method-start">4719 ms</span>
              </div> <!-- test-method -->
              <div class="configuration-method after">
                <span class="method-name">test_Method_Exection_Result([TestResult name=verify_Delete_Verification_Status_Without_Authorization status=SUCCESS method=Verif...)</span>
                <span class="method-start">4785 ms</span>
              </div> <!-- configuration-method after -->
              <div class="test-method">
                <span class="method-name">verify_Get_All_Verification_Statuses_With_Authorization</span>
                <span class="method-start">4786 ms</span>
              </div> <!-- test-method -->
              <div class="configuration-method after">
                <span class="method-name">test_Method_Exection_Result([TestResult name=verify_Get_All_Verification_Statuses_With_Authorization status=SUCCESS method=Verif...)</span>
                <span class="method-start">4926 ms</span>
              </div> <!-- configuration-method after -->
              <div class="test-method">
                <span class="method-name">verify_Add_Verification_Status_With_Authorization(Juniper Berries, 15, lavender, #864753)</span>
                <span class="method-start">5095 ms</span>
              </div> <!-- test-method -->
              <div class="configuration-method after">
                <span class="method-name">test_Method_Exection_Result([TestResult name=verify_Add_Verification_Status_With_Authorization status=SUCCESS method=Verificatio...)</span>
                <span class="method-start">5819 ms</span>
              </div> <!-- configuration-method after -->
              <div class="test-method">
                <img src="failed.png">
                </img>
                <span class="method-name">verify_Add_Verification_Status_With_Authorization(Berries, 1, teal, #5C1469)</span>
                <span class="method-start">5821 ms</span>
              </div> <!-- test-method -->
              <div class="configuration-method after">
                <span class="method-name">test_Method_Exection_Result([TestResult name=verify_Add_Verification_Status_With_Authorization status=FAILURE method=Verificatio...)</span>
                <span class="method-start">6222 ms</span>
              </div> <!-- configuration-method after -->
              <div class="test-method">
                <span class="method-name">verify_Add_Verification_Status_With_Authorization(Loquats, 11, , #19BC54)</span>
                <span class="method-start">6223 ms</span>
              </div> <!-- test-method -->
              <div class="configuration-method after">
                <span class="method-name">test_Method_Exection_Result([TestResult name=verify_Add_Verification_Status_With_Authorization status=SUCCESS method=Verificatio...)</span>
                <span class="method-start">6647 ms</span>
              </div> <!-- configuration-method after -->
              <div class="test-method">
                <img src="failed.png">
                </img>
                <span class="method-name">verify_Add_Verification_Status_With_Authorization(Nashi Pear, 13, cobalt, #9471DB)</span>
                <span class="method-start">6648 ms</span>
              </div> <!-- test-method -->
              <div class="configuration-method after">
                <span class="method-name">test_Method_Exection_Result([TestResult name=verify_Add_Verification_Status_With_Authorization status=FAILURE method=Verificatio...)</span>
                <span class="method-start">7042 ms</span>
              </div> <!-- configuration-method after -->
              <div class="test-method">
                <span class="method-name">verify_Add_Verification_Status_With_Authorization(Sultanas, 15, white, )</span>
                <span class="method-start">7043 ms</span>
              </div> <!-- test-method -->
              <div class="configuration-method after">
                <span class="method-name">test_Method_Exection_Result([TestResult name=verify_Add_Verification_Status_With_Authorization status=SUCCESS method=Verificatio...)</span>
                <span class="method-start">7772 ms</span>
              </div> <!-- configuration-method after -->
              <div class="test-method">
                <img src="failed.png">
                </img>
                <span class="method-name">verify_Add_Verification_Status_With_Authorization(Tomatoes, 14, cyan, #CDB7F3)</span>
                <span class="method-start">7773 ms</span>
              </div> <!-- test-method -->
              <div class="configuration-method after">
                <span class="method-name">test_Method_Exection_Result([TestResult name=verify_Add_Verification_Status_With_Authorization status=FAILURE method=Verificatio...)</span>
                <span class="method-start">8184 ms</span>
              </div> <!-- configuration-method after -->
              <div class="test-method">
                <span class="method-name">verify_Add_Verification_Status_With_Authorization(, 12, azure, #45E618)</span>
                <span class="method-start">8185 ms</span>
              </div> <!-- test-method -->
              <div class="configuration-method after">
                <span class="method-name">test_Method_Exection_Result([TestResult name=verify_Add_Verification_Status_With_Authorization status=SUCCESS method=Verificatio...)</span>
                <span class="method-start">8567 ms</span>
              </div> <!-- configuration-method after -->
              <div class="test-method">
                <span class="method-name">verify_Add_Verification_Status_With_Authorization(Not Verified, 14, orchid, #96AA1F)</span>
                <span class="method-start">8568 ms</span>
              </div> <!-- test-method -->
              <div class="configuration-method after">
                <span class="method-name">test_Method_Exection_Result([TestResult name=verify_Add_Verification_Status_With_Authorization status=SUCCESS method=Verificatio...)</span>
                <span class="method-start">9019 ms</span>
              </div> <!-- configuration-method after -->
              <div class="test-method">
                <img src="failed.png">
                </img>
                <span class="method-name">verify_Update_Verification_Status_With_Authorization(40, Avocado, 12, grey, #AA8E42)</span>
                <span class="method-start">9022 ms</span>
              </div> <!-- test-method -->
              <div class="configuration-method after">
                <span class="method-name">test_Method_Exection_Result([TestResult name=verify_Update_Verification_Status_With_Authorization status=FAILURE method=Verifica...)</span>
                <span class="method-start">9498 ms</span>
              </div> <!-- configuration-method after -->
              <div class="test-method">
                <img src="failed.png">
                </img>
                <span class="method-name">verify_Update_Verification_Status_With_Authorization(40, Starfruit, 3, mint green, #ACD987)</span>
                <span class="method-start">9499 ms</span>
              </div> <!-- test-method -->
              <div class="configuration-method after">
                <span class="method-name">test_Method_Exection_Result([TestResult name=verify_Update_Verification_Status_With_Authorization status=FAILURE method=Verifica...)</span>
                <span class="method-start">9941 ms</span>
              </div> <!-- configuration-method after -->
              <div class="test-method">
                <img src="failed.png">
                </img>
                <span class="method-name">verify_Update_Verification_Status_With_Authorization(40, , 19, blue, #8BCDD0)</span>
                <span class="method-start">9943 ms</span>
              </div> <!-- test-method -->
              <div class="configuration-method after">
                <span class="method-name">test_Method_Exection_Result([TestResult name=verify_Update_Verification_Status_With_Authorization status=FAILURE method=Verifica...)</span>
                <span class="method-start">10419 ms</span>
              </div> <!-- configuration-method after -->
              <div class="test-method">
                <img src="failed.png">
                </img>
                <span class="method-name">verify_Update_Verification_Status_With_Authorization(40, Juniper Berries, 15, sky blue, #06FAD5)</span>
                <span class="method-start">10420 ms</span>
              </div> <!-- test-method -->
              <div class="configuration-method after">
                <span class="method-name">test_Method_Exection_Result([TestResult name=verify_Update_Verification_Status_With_Authorization status=FAILURE method=Verifica...)</span>
                <span class="method-start">10933 ms</span>
              </div> <!-- configuration-method after -->
              <div class="test-method">
                <img src="failed.png">
                </img>
                <span class="method-name">verify_Update_Verification_Status_With_Authorization(40, Papaw, 11, , #E05DD4)</span>
                <span class="method-start">10934 ms</span>
              </div> <!-- test-method -->
              <div class="configuration-method after">
                <span class="method-name">test_Method_Exection_Result([TestResult name=verify_Update_Verification_Status_With_Authorization status=FAILURE method=Verifica...)</span>
                <span class="method-start">11376 ms</span>
              </div> <!-- configuration-method after -->
              <div class="test-method">
                <img src="failed.png">
                </img>
                <span class="method-name">verify_Update_Verification_Status_With_Authorization(40, Strawberries, 13, azure, #30BE91)</span>
                <span class="method-start">11377 ms</span>
              </div> <!-- test-method -->
              <div class="configuration-method after">
                <span class="method-name">test_Method_Exection_Result([TestResult name=verify_Update_Verification_Status_With_Authorization status=FAILURE method=Verifica...)</span>
                <span class="method-start">11856 ms</span>
              </div> <!-- configuration-method after -->
              <div class="test-method">
                <img src="failed.png">
                </img>
                <span class="method-name">verify_Update_Verification_Status_With_Authorization(40, Cantaloupe, 16, ivory, )</span>
                <span class="method-start">11857 ms</span>
              </div> <!-- test-method -->
              <div class="configuration-method after">
                <span class="method-name">test_Method_Exection_Result([TestResult name=verify_Update_Verification_Status_With_Authorization status=FAILURE method=Verifica...)</span>
                <span class="method-start">12296 ms</span>
              </div> <!-- configuration-method after -->
              <div class="test-method">
                <img src="failed.png">
                </img>
                <span class="method-name">verify_Update_Verification_Status_With_Authorization(40, Avocado, 17, grey, #C2A4F8)</span>
                <span class="method-start">12297 ms</span>
              </div> <!-- test-method -->
              <div class="configuration-method after">
                <span class="method-name">test_Method_Exection_Result([TestResult name=verify_Update_Verification_Status_With_Authorization status=FAILURE method=Verifica...)</span>
                <span class="method-start">12775 ms</span>
              </div> <!-- configuration-method after -->
              <div class="test-method">
                <span class="method-name">verify_Update_Verification_Status_With_Authorization(68, Limes, 10, white, #8A8FD5)</span>
                <span class="method-start">12776 ms</span>
              </div> <!-- test-method -->
              <div class="configuration-method after">
                <span class="method-name">test_Method_Exection_Result([TestResult name=verify_Update_Verification_Status_With_Authorization status=SUCCESS method=Verifica...)</span>
                <span class="method-start">13248 ms</span>
              </div> <!-- configuration-method after -->
              <div class="test-method">
                <span class="method-name">verify_Delete_Single_Verification_Status_With_Authorization(51)</span>
                <span class="method-start">13250 ms</span>
              </div> <!-- test-method -->
              <div class="configuration-method after">
                <span class="method-name">test_Method_Exection_Result([TestResult name=verify_Delete_Single_Verification_Status_With_Authorization status=SUCCESS method=V...)</span>
                <span class="method-start">13722 ms</span>
              </div> <!-- configuration-method after -->
              <div class="test-method">
                <img src="failed.png">
                </img>
                <span class="method-name">verify_Delete_Single_Verification_Status_With_Authorization(40)</span>
                <span class="method-start">13723 ms</span>
              </div> <!-- test-method -->
              <div class="configuration-method after">
                <span class="method-name">test_Method_Exection_Result([TestResult name=verify_Delete_Single_Verification_Status_With_Authorization status=FAILURE method=V...)</span>
                <span class="method-start">14124 ms</span>
              </div> <!-- configuration-method after -->
              <div class="test-method">
                <img src="failed.png">
                </img>
                <span class="method-name">verify_Delete_Single_Verification_Status_With_Authorization(39)</span>
                <span class="method-start">14126 ms</span>
              </div> <!-- test-method -->
              <div class="configuration-method after">
                <span class="method-name">test_Method_Exection_Result([TestResult name=verify_Delete_Single_Verification_Status_With_Authorization status=FAILURE method=V...)</span>
                <span class="method-start">14522 ms</span>
              </div> <!-- configuration-method after -->
            </div> <!-- chronological-class -->
            <div class="chronological-class">
              <div class="chronological-class-name">in.task_erp_api.testcases.LoginEmployeeAPITestCases</div> <!-- chronological-class-name -->
              <div class="configuration-suite after">
                <span class="method-name">flush_Extent_Report</span>
                <span class="method-start">14597 ms</span>
              </div> <!-- configuration-suite after -->
          </div> <!-- main-panel-content rounded-window-bottom -->
        </div> <!-- panel -->
      </div> <!-- main-panel-root -->
    </div> <!-- wrapper -->
  </body>
<script type="text/javascript" src="testng-reports2.js"></script>
</html>
