<?xml version="1.0" encoding="UTF-8"?>
<!-- Generated by org.testng.reporters.JUnitReportReporter -->
<testsuite hostname="DESKTOP-BG83L86" failures="3" tests="55" name="in.task_erp_api.testcases.EmployeeFolderAPITestCases" time="33.060" errors="0" timestamp="2024-05-23T18:01:42 IST" skipped="4">
  <testcase classname="in.task_erp_api.testcases.EmployeeFolderAPITestCases" name="verify_Add_Employee_Without_Authorization" time="0.651"/>
  <testcase classname="in.task_erp_api.testcases.EmployeeFolderAPITestCases" name="verify_Get_Single_Employee_Without_Authorization" time="0.675"/>
  <testcase classname="in.task_erp_api.testcases.EmployeeFolderAPITestCases" name="verify_Get_UserId_Without_Authorization" time="0.698"/>
  <testcase classname="in.task_erp_api.testcases.EmployeeFolderAPITestCases" name="verify_Get_Reporting_Authority_Without_Authorization" time="0.692"/>
  <testcase classname="in.task_erp_api.testcases.EmployeeFolderAPITestCases" name="verify_Get_All_Assignee_Without_Authorization" time="0.634"/>
  <testcase classname="in.task_erp_api.testcases.EmployeeFolderAPITestCases" name="verify_Get_Encrypted_Email_Without_Authorization" time="0.716">
    <failure message="1 expectation failed.
Expected status code &lt;401&gt; but was &lt;200&gt;.
" type="java.lang.AssertionError">
      <![CDATA[java.lang.AssertionError: 1 expectation failed.
Expected status code <401> but was <200>.

at java.base/jdk.internal.reflect.NativeConstructorAccessorImpl.newInstance0(Native Method)
at java.base/jdk.internal.reflect.NativeConstructorAccessorImpl.newInstance(NativeConstructorAccessorImpl.java:77)
at java.base/jdk.internal.reflect.DelegatingConstructorAccessorImpl.newInstance(DelegatingConstructorAccessorImpl.java:45)
at java.base/java.lang.reflect.Constructor.newInstanceWithCaller(Constructor.java:499)
at java.base/java.lang.reflect.Constructor.newInstance(Constructor.java:480)
at org.codehaus.groovy.reflection.CachedConstructor.invoke(CachedConstructor.java:73)
at org.codehaus.groovy.runtime.callsite.ConstructorSite$ConstructorSiteNoUnwrapNoCoerce.callConstructor(ConstructorSite.java:108)
at org.codehaus.groovy.runtime.callsite.CallSiteArray.defaultCallConstructor(CallSiteArray.java:57)
at org.codehaus.groovy.runtime.callsite.AbstractCallSite.callConstructor(AbstractCallSite.java:263)
at org.codehaus.groovy.runtime.callsite.AbstractCallSite.callConstructor(AbstractCallSite.java:277)
at io.restassured.internal.ResponseSpecificationImpl$HamcrestAssertionClosure.validate(ResponseSpecificationImpl.groovy:512)
at io.restassured.internal.ResponseSpecificationImpl$HamcrestAssertionClosure$validate$1.call(Unknown Source)
at io.restassured.internal.ResponseSpecificationImpl.validateResponseIfRequired(ResponseSpecificationImpl.groovy:696)
at io.restassured.internal.ResponseSpecificationImpl.this$2$validateResponseIfRequired(ResponseSpecificationImpl.groovy)
at jdk.internal.reflect.GeneratedMethodAccessor26.invoke(Unknown Source)
at java.base/jdk.internal.reflect.DelegatingMethodAccessorImpl.invoke(DelegatingMethodAccessorImpl.java:43)
at java.base/java.lang.reflect.Method.invoke(Method.java:568)
at org.codehaus.groovy.runtime.callsite.PlainObjectMetaMethodSite.doInvoke(PlainObjectMetaMethodSite.java:43)
at org.codehaus.groovy.runtime.callsite.PogoMetaMethodSite$PogoCachedMethodSiteNoUnwrapNoCoerce.invoke(PogoMetaMethodSite.java:198)
at org.codehaus.groovy.runtime.callsite.PogoMetaMethodSite.callCurrent(PogoMetaMethodSite.java:62)
at org.codehaus.groovy.runtime.callsite.AbstractCallSite.callCurrent(AbstractCallSite.java:185)
at io.restassured.internal.ResponseSpecificationImpl.statusCode(ResponseSpecificationImpl.groovy:135)
at io.restassured.specification.ResponseSpecification$statusCode$0.callCurrent(Unknown Source)
at io.restassured.internal.ResponseSpecificationImpl.statusCode(ResponseSpecificationImpl.groovy:143)
at io.restassured.internal.ValidatableResponseOptionsImpl.statusCode(ValidatableResponseOptionsImpl.java:89)
at in.task_erp_api.bodyValidations.BodyValidation.response401Validation(BodyValidation.java:47)
at in.task_erp_api.testcases.EmployeeFolderAPITestCases.verify_Get_Encrypted_Email_Without_Authorization(EmployeeFolderAPITestCases.java:100)
at java.base/jdk.internal.reflect.NativeMethodAccessorImpl.invoke0(Native Method)
at java.base/jdk.internal.reflect.NativeMethodAccessorImpl.invoke(NativeMethodAccessorImpl.java:77)
at java.base/jdk.internal.reflect.DelegatingMethodAccessorImpl.invoke(DelegatingMethodAccessorImpl.java:43)
at java.base/java.lang.reflect.Method.invoke(Method.java:568)
at org.testng.internal.invokers.MethodInvocationHelper.invokeMethod(MethodInvocationHelper.java:139)
at org.testng.internal.invokers.TestInvoker.invokeMethod(TestInvoker.java:664)
at org.testng.internal.invokers.TestInvoker.invokeTestMethod(TestInvoker.java:228)
at org.testng.internal.invokers.MethodRunner.runInSequence(MethodRunner.java:63)
at org.testng.internal.invokers.TestInvoker$MethodInvocationAgent.invoke(TestInvoker.java:961)
at org.testng.internal.invokers.TestInvoker.invokeTestMethods(TestInvoker.java:201)
at org.testng.internal.invokers.TestMethodWorker.invokeTestMethods(TestMethodWorker.java:148)
at org.testng.internal.invokers.TestMethodWorker.run(TestMethodWorker.java:128)
at java.base/java.util.ArrayList.forEach(ArrayList.java:1511)
at org.testng.TestRunner.privateRun(TestRunner.java:819)
at org.testng.TestRunner.run(TestRunner.java:619)
at org.testng.SuiteRunner.runTest(SuiteRunner.java:443)
at org.testng.SuiteRunner.runSequentially(SuiteRunner.java:437)
at org.testng.SuiteRunner.privateRun(SuiteRunner.java:397)
at org.testng.SuiteRunner.run(SuiteRunner.java:336)
at org.testng.SuiteRunnerWorker.runSuite(SuiteRunnerWorker.java:52)
at org.testng.SuiteRunnerWorker.run(SuiteRunnerWorker.java:95)
at org.testng.TestNG.runSuitesSequentially(TestNG.java:1301)
at org.testng.TestNG.runSuitesLocally(TestNG.java:1228)
at org.testng.TestNG.runSuites(TestNG.java:1134)
at org.testng.TestNG.run(TestNG.java:1101)
at org.testng.remote.AbstractRemoteTestNG.run(AbstractRemoteTestNG.java:115)
at org.testng.remote.RemoteTestNG.initAndRun(RemoteTestNG.java:251)
at org.testng.remote.RemoteTestNG.main(RemoteTestNG.java:77)
]]>
    </failure>
  </testcase> <!-- verify_Get_Encrypted_Email_Without_Authorization -->
  <testcase classname="in.task_erp_api.testcases.EmployeeFolderAPITestCases" name="verify_Get_All_Employee_Without_Authorization" time="0.653"/>
  <testcase classname="in.task_erp_api.testcases.EmployeeFolderAPITestCases" name="verify_Get_All_Active_Users_Info_Without_Authorization" time="0.632"/>
  <testcase classname="in.task_erp_api.testcases.EmployeeFolderAPITestCases" name="verify_Get_All_Employee_Id_And_Names_Without_Authorization" time="0.739"/>
  <testcase classname="in.task_erp_api.testcases.EmployeeFolderAPITestCases" name="verify_Get_Assigned_Task_Info_By_Role_Without_Authorization" time="0.678"/>
  <testcase classname="in.task_erp_api.testcases.EmployeeFolderAPITestCases" name="verify_Get_Search_Employee_In_Level_Without_Authorization" time="0.711"/>
  <testcase classname="in.task_erp_api.testcases.EmployeeFolderAPITestCases" name="verify_Add_Token_For_Web_Without_Authorization" time="0.660"/>
  <testcase classname="in.task_erp_api.testcases.EmployeeFolderAPITestCases" name="verify_Add_Token_For_Mobile_Without_Authorization" time="0.635"/>
  <testcase classname="in.task_erp_api.testcases.EmployeeFolderAPITestCases" name="verify_Update_Employee_Without_Authorization" time="0.665"/>
  <testcase classname="in.task_erp_api.testcases.EmployeeFolderAPITestCases" name="verify_Update_Password_Without_Authorization" time="0.649"/>
  <testcase classname="in.task_erp_api.testcases.EmployeeFolderAPITestCases" name="verify_Get_All_Employee_With_Authorization" time="1.353"/>
  <testcase classname="in.task_erp_api.testcases.EmployeeFolderAPITestCases" name="verify_Get_Task_Owners_Without_Authorization" time="0.616"/>
  <testcase classname="in.task_erp_api.testcases.EmployeeFolderAPITestCases" name="verify_Get_Single_Employee_With_Authorization" time="0.694"/>
  <testcase classname="in.task_erp_api.testcases.EmployeeFolderAPITestCases" name="verify_Get_Single_Employee_By_Giving_Invalid_UserId" time="0.643"/>
  <testcase classname="in.task_erp_api.testcases.EmployeeFolderAPITestCases" name="verify_Get_User_Id_With_Authorization" time="0.876"/>
  <testcase classname="in.task_erp_api.testcases.EmployeeFolderAPITestCases" name="verify_Get_Task_Owners_With_Authorization" time="0.731">
    <failure message="1 expectation failed.
JSON path status doesn&#039;t match.
Expected: &lt;200&gt;
  Actual: &lt;[null, null, null, null, null, null, null, null, null, null, null, null, null, null]&gt;
" type="java.lang.AssertionError">
      <![CDATA[java.lang.AssertionError: 1 expectation failed.
JSON path status doesn't match.
Expected: <200>
  Actual: <[null, null, null, null, null, null, null, null, null, null, null, null, null, null]>

at java.base/jdk.internal.reflect.NativeConstructorAccessorImpl.newInstance0(Native Method)
at java.base/jdk.internal.reflect.NativeConstructorAccessorImpl.newInstance(NativeConstructorAccessorImpl.java:77)
at java.base/jdk.internal.reflect.DelegatingConstructorAccessorImpl.newInstance(DelegatingConstructorAccessorImpl.java:45)
at java.base/java.lang.reflect.Constructor.newInstanceWithCaller(Constructor.java:499)
at java.base/java.lang.reflect.Constructor.newInstance(Constructor.java:480)
at org.codehaus.groovy.reflection.CachedConstructor.invoke(CachedConstructor.java:73)
at org.codehaus.groovy.runtime.callsite.ConstructorSite$ConstructorSiteNoUnwrapNoCoerce.callConstructor(ConstructorSite.java:108)
at org.codehaus.groovy.runtime.callsite.AbstractCallSite.callConstructor(AbstractCallSite.java:277)
at io.restassured.internal.ResponseSpecificationImpl$HamcrestAssertionClosure.validate(ResponseSpecificationImpl.groovy:512)
at io.restassured.internal.ResponseSpecificationImpl$HamcrestAssertionClosure$validate$1.call(Unknown Source)
at io.restassured.internal.ResponseSpecificationImpl.validateResponseIfRequired(ResponseSpecificationImpl.groovy:696)
at io.restassured.internal.ResponseSpecificationImpl.this$2$validateResponseIfRequired(ResponseSpecificationImpl.groovy)
at jdk.internal.reflect.GeneratedMethodAccessor26.invoke(Unknown Source)
at java.base/jdk.internal.reflect.DelegatingMethodAccessorImpl.invoke(DelegatingMethodAccessorImpl.java:43)
at java.base/java.lang.reflect.Method.invoke(Method.java:568)
at org.codehaus.groovy.runtime.callsite.PlainObjectMetaMethodSite.doInvoke(PlainObjectMetaMethodSite.java:43)
at org.codehaus.groovy.runtime.callsite.PogoMetaMethodSite$PogoCachedMethodSiteNoUnwrapNoCoerce.invoke(PogoMetaMethodSite.java:198)
at org.codehaus.groovy.runtime.callsite.PogoMetaMethodSite.callCurrent(PogoMetaMethodSite.java:62)
at org.codehaus.groovy.runtime.callsite.AbstractCallSite.callCurrent(AbstractCallSite.java:185)
at io.restassured.internal.ResponseSpecificationImpl.body(ResponseSpecificationImpl.groovy:270)
at io.restassured.specification.ResponseSpecification$body$2.callCurrent(Unknown Source)
at io.restassured.internal.ResponseSpecificationImpl.body(ResponseSpecificationImpl.groovy:117)
at io.restassured.internal.ValidatableResponseOptionsImpl.body(ValidatableResponseOptionsImpl.java:244)
at in.task_erp_api.bodyValidations.BodyValidation.responseValidation(BodyValidation.java:61)
at in.task_erp_api.testcases.EmployeeFolderAPITestCases.verify_Get_Task_Owners_With_Authorization(EmployeeFolderAPITestCases.java:292)
at java.base/jdk.internal.reflect.NativeMethodAccessorImpl.invoke0(Native Method)
at java.base/jdk.internal.reflect.NativeMethodAccessorImpl.invoke(NativeMethodAccessorImpl.java:77)
at java.base/jdk.internal.reflect.DelegatingMethodAccessorImpl.invoke(DelegatingMethodAccessorImpl.java:43)
at java.base/java.lang.reflect.Method.invoke(Method.java:568)
at org.testng.internal.invokers.MethodInvocationHelper.invokeMethod(MethodInvocationHelper.java:139)
at org.testng.internal.invokers.TestInvoker.invokeMethod(TestInvoker.java:664)
at org.testng.internal.invokers.TestInvoker.invokeTestMethod(TestInvoker.java:228)
at org.testng.internal.invokers.MethodRunner.runInSequence(MethodRunner.java:63)
at org.testng.internal.invokers.TestInvoker$MethodInvocationAgent.invoke(TestInvoker.java:961)
at org.testng.internal.invokers.TestInvoker.invokeTestMethods(TestInvoker.java:201)
at org.testng.internal.invokers.TestMethodWorker.invokeTestMethods(TestMethodWorker.java:148)
at org.testng.internal.invokers.TestMethodWorker.run(TestMethodWorker.java:128)
at java.base/java.util.ArrayList.forEach(ArrayList.java:1511)
at org.testng.TestRunner.privateRun(TestRunner.java:819)
at org.testng.TestRunner.run(TestRunner.java:619)
at org.testng.SuiteRunner.runTest(SuiteRunner.java:443)
at org.testng.SuiteRunner.runSequentially(SuiteRunner.java:437)
at org.testng.SuiteRunner.privateRun(SuiteRunner.java:397)
at org.testng.SuiteRunner.run(SuiteRunner.java:336)
at org.testng.SuiteRunnerWorker.runSuite(SuiteRunnerWorker.java:52)
at org.testng.SuiteRunnerWorker.run(SuiteRunnerWorker.java:95)
at org.testng.TestNG.runSuitesSequentially(TestNG.java:1301)
at org.testng.TestNG.runSuitesLocally(TestNG.java:1228)
at org.testng.TestNG.runSuites(TestNG.java:1134)
at org.testng.TestNG.run(TestNG.java:1101)
at org.testng.remote.AbstractRemoteTestNG.run(AbstractRemoteTestNG.java:115)
at org.testng.remote.RemoteTestNG.initAndRun(RemoteTestNG.java:251)
at org.testng.remote.RemoteTestNG.main(RemoteTestNG.java:77)
]]>
    </failure>
  </testcase> <!-- verify_Get_Task_Owners_With_Authorization -->
  <testcase classname="in.task_erp_api.testcases.EmployeeFolderAPITestCases" name="verify_Get_All_Employee_Id_And_Names_With_Authorization" time="0.790"/>
  <testcase classname="in.task_erp_api.testcases.EmployeeFolderAPITestCases" name="verify_Get_Reporting_Authority_With_Authorization" time="0.012"/>
  <testcase classname="in.task_erp_api.testcases.EmployeeFolderAPITestCases" name="verify_Get_Reporting_Authority_By_Giving_Invalid_Department" time="0.002"/>
  <testcase classname="in.task_erp_api.testcases.EmployeeFolderAPITestCases" name="verify_Get_All_Assignee_With_Authorization_By_Giving_Valid_Role_Level" time="0.731"/>
  <testcase classname="in.task_erp_api.testcases.EmployeeFolderAPITestCases" name="verify_Get_Assigned_Task_Info_By_Role_With_Authorization" time="0.653"/>
  <testcase classname="in.task_erp_api.testcases.EmployeeFolderAPITestCases" name="verify_Get_Assigned_Task_Info_By_Role_With_Authorization" time="0.623"/>
  <testcase classname="in.task_erp_api.testcases.EmployeeFolderAPITestCases" name="verify_Get_Assigned_Task_Info_By_Role_With_Authorization" time="0.609"/>
  <testcase classname="in.task_erp_api.testcases.EmployeeFolderAPITestCases" name="verify_Get_Assigned_Task_Info_By_Role_With_Authorization" time="0.761"/>
  <testcase classname="in.task_erp_api.testcases.EmployeeFolderAPITestCases" name="verify_Update_Password_With_Authorization" time="0.616"/>
  <testcase classname="in.task_erp_api.testcases.EmployeeFolderAPITestCases" name="verify_Update_Password_With_Authorization" time="0.631"/>
  <testcase classname="in.task_erp_api.testcases.EmployeeFolderAPITestCases" name="verify_Update_Password_With_Authorization" time="0.638"/>
  <testcase classname="in.task_erp_api.testcases.EmployeeFolderAPITestCases" name="verify_Update_Password_With_Authorization" time="0.562"/>
  <testcase classname="in.task_erp_api.testcases.EmployeeFolderAPITestCases" name="verify_Update_Password_With_Authorization" time="0.617">
    <failure message="1 expectation failed.
Expected status code &lt;200&gt; but was &lt;401&gt;.
" type="java.lang.AssertionError">
      <![CDATA[java.lang.AssertionError: 1 expectation failed.
Expected status code <200> but was <401>.

at java.base/jdk.internal.reflect.NativeConstructorAccessorImpl.newInstance0(Native Method)
at java.base/jdk.internal.reflect.NativeConstructorAccessorImpl.newInstance(NativeConstructorAccessorImpl.java:77)
at java.base/jdk.internal.reflect.DelegatingConstructorAccessorImpl.newInstance(DelegatingConstructorAccessorImpl.java:45)
at java.base/java.lang.reflect.Constructor.newInstanceWithCaller(Constructor.java:499)
at java.base/java.lang.reflect.Constructor.newInstance(Constructor.java:480)
at org.codehaus.groovy.reflection.CachedConstructor.invoke(CachedConstructor.java:73)
at org.codehaus.groovy.runtime.callsite.ConstructorSite$ConstructorSiteNoUnwrapNoCoerce.callConstructor(ConstructorSite.java:108)
at org.codehaus.groovy.runtime.callsite.AbstractCallSite.callConstructor(AbstractCallSite.java:277)
at io.restassured.internal.ResponseSpecificationImpl$HamcrestAssertionClosure.validate(ResponseSpecificationImpl.groovy:512)
at io.restassured.internal.ResponseSpecificationImpl$HamcrestAssertionClosure$validate$1.call(Unknown Source)
at io.restassured.internal.ResponseSpecificationImpl.validateResponseIfRequired(ResponseSpecificationImpl.groovy:696)
at io.restassured.internal.ResponseSpecificationImpl.this$2$validateResponseIfRequired(ResponseSpecificationImpl.groovy)
at jdk.internal.reflect.GeneratedMethodAccessor26.invoke(Unknown Source)
at java.base/jdk.internal.reflect.DelegatingMethodAccessorImpl.invoke(DelegatingMethodAccessorImpl.java:43)
at java.base/java.lang.reflect.Method.invoke(Method.java:568)
at org.codehaus.groovy.runtime.callsite.PlainObjectMetaMethodSite.doInvoke(PlainObjectMetaMethodSite.java:43)
at org.codehaus.groovy.runtime.callsite.PogoMetaMethodSite$PogoCachedMethodSiteNoUnwrapNoCoerce.invoke(PogoMetaMethodSite.java:198)
at org.codehaus.groovy.runtime.callsite.PogoMetaMethodSite.callCurrent(PogoMetaMethodSite.java:62)
at org.codehaus.groovy.runtime.callsite.AbstractCallSite.callCurrent(AbstractCallSite.java:185)
at io.restassured.internal.ResponseSpecificationImpl.statusCode(ResponseSpecificationImpl.groovy:135)
at io.restassured.specification.ResponseSpecification$statusCode$0.callCurrent(Unknown Source)
at io.restassured.internal.ResponseSpecificationImpl.statusCode(ResponseSpecificationImpl.groovy:143)
at io.restassured.internal.ValidatableResponseOptionsImpl.statusCode(ValidatableResponseOptionsImpl.java:89)
at in.task_erp_api.bodyValidations.BodyValidation.responseValidation(BodyValidation.java:56)
at in.task_erp_api.testcases.EmployeeFolderAPITestCases.verify_Update_Password_With_Authorization(EmployeeFolderAPITestCases.java:629)
at java.base/jdk.internal.reflect.NativeMethodAccessorImpl.invoke0(Native Method)
at java.base/jdk.internal.reflect.NativeMethodAccessorImpl.invoke(NativeMethodAccessorImpl.java:77)
at java.base/jdk.internal.reflect.DelegatingMethodAccessorImpl.invoke(DelegatingMethodAccessorImpl.java:43)
at java.base/java.lang.reflect.Method.invoke(Method.java:568)
at org.testng.internal.invokers.MethodInvocationHelper.invokeMethod(MethodInvocationHelper.java:139)
at org.testng.internal.invokers.TestInvoker.invokeMethod(TestInvoker.java:664)
at org.testng.internal.invokers.TestInvoker.invokeTestMethod(TestInvoker.java:228)
at org.testng.internal.invokers.MethodRunner.runInSequence(MethodRunner.java:63)
at org.testng.internal.invokers.TestInvoker$MethodInvocationAgent.invoke(TestInvoker.java:961)
at org.testng.internal.invokers.TestInvoker.invokeTestMethods(TestInvoker.java:201)
at org.testng.internal.invokers.TestMethodWorker.invokeTestMethods(TestMethodWorker.java:148)
at org.testng.internal.invokers.TestMethodWorker.run(TestMethodWorker.java:128)
at java.base/java.util.ArrayList.forEach(ArrayList.java:1511)
at org.testng.TestRunner.privateRun(TestRunner.java:819)
at org.testng.TestRunner.run(TestRunner.java:619)
at org.testng.SuiteRunner.runTest(SuiteRunner.java:443)
at org.testng.SuiteRunner.runSequentially(SuiteRunner.java:437)
at org.testng.SuiteRunner.privateRun(SuiteRunner.java:397)
at org.testng.SuiteRunner.run(SuiteRunner.java:336)
at org.testng.SuiteRunnerWorker.runSuite(SuiteRunnerWorker.java:52)
at org.testng.SuiteRunnerWorker.run(SuiteRunnerWorker.java:95)
at org.testng.TestNG.runSuitesSequentially(TestNG.java:1301)
at org.testng.TestNG.runSuitesLocally(TestNG.java:1228)
at org.testng.TestNG.runSuites(TestNG.java:1134)
at org.testng.TestNG.run(TestNG.java:1101)
at org.testng.remote.AbstractRemoteTestNG.run(AbstractRemoteTestNG.java:115)
at org.testng.remote.RemoteTestNG.initAndRun(RemoteTestNG.java:251)
at org.testng.remote.RemoteTestNG.main(RemoteTestNG.java:77)
]]>
    </failure>
  </testcase> <!-- verify_Update_Password_With_Authorization -->
  <testcase classname="in.task_erp_api.testcases.EmployeeFolderAPITestCases" name="verify_Update_Password_With_Authorization" time="0.607"/>
  <testcase classname="in.task_erp_api.testcases.EmployeeFolderAPITestCases" name="verify_Update_Password_With_Authorization" time="0.675"/>
  <testcase classname="in.task_erp_api.testcases.EmployeeFolderAPITestCases" name="verify_Update_Password_With_Authorization" time="0.615"/>
  <testcase classname="in.task_erp_api.testcases.EmployeeFolderAPITestCases" name="verify_Get_Encrypted_Email_With_Authorization" time="0.676"/>
  <testcase classname="in.task_erp_api.testcases.EmployeeFolderAPITestCases" name="verify_Get_Encrypted_Email_With_Authorization" time="0.616"/>
  <testcase classname="in.task_erp_api.testcases.EmployeeFolderAPITestCases" name="verify_Get_Search_Employee_In_Level_With_Authorization" time="0.661"/>
  <testcase classname="in.task_erp_api.testcases.EmployeeFolderAPITestCases" name="verify_Get_Search_Employee_In_Level_With_Authorization" time="0.579"/>
  <testcase classname="in.task_erp_api.testcases.EmployeeFolderAPITestCases" name="verify_Get_Search_Employee_In_Level_With_Authorization" time="0.755"/>
  <testcase classname="in.task_erp_api.testcases.EmployeeFolderAPITestCases" name="verify_Get_Search_Employee_In_Level_With_Authorization" time="0.689"/>
  <testcase classname="in.task_erp_api.testcases.EmployeeFolderAPITestCases" name="verify_Get_Search_Employee_In_Level_With_Authorization" time="0.632"/>
  <testcase classname="in.task_erp_api.testcases.EmployeeFolderAPITestCases" name="verify_Get_Search_Employee_In_Level_With_Authorization" time="0.577"/>
  <testcase classname="in.task_erp_api.testcases.EmployeeFolderAPITestCases" name="verify_Add_Token_For_Web_With_Authorization" time="0.637"/>
  <testcase classname="in.task_erp_api.testcases.EmployeeFolderAPITestCases" name="verify_Add_Token_For_Web_With_Authorization" time="0.619"/>
  <testcase classname="in.task_erp_api.testcases.EmployeeFolderAPITestCases" name="verify_Add_Token_For_Web_With_Authorization" time="0.630"/>
  <testcase classname="in.task_erp_api.testcases.EmployeeFolderAPITestCases" name="verify_Add_Token_For_Mobile_With_Authorization" time="0.646"/>
  <testcase classname="in.task_erp_api.testcases.EmployeeFolderAPITestCases" name="verify_Add_Token_For_Mobile_With_Authorization" time="0.633"/>
  <testcase classname="in.task_erp_api.testcases.EmployeeFolderAPITestCases" name="verify_Add_Token_For_Mobile_With_Authorization" time="0.567"/>
  <testcase classname="in.task_erp_api.testcases.EmployeeFolderAPITestCases" name="verify_Add_Forgot_Password_With_Authorization">
    <skipped/>
  </testcase> <!-- verify_Add_Forgot_Password_With_Authorization -->
  <testcase classname="in.task_erp_api.testcases.EmployeeFolderAPITestCases" name="verify_Get_All_Active_Users_Info_With_Authorization">
    <skipped/>
  </testcase> <!-- verify_Get_All_Active_Users_Info_With_Authorization -->
  <testcase classname="in.task_erp_api.testcases.EmployeeFolderAPITestCases" name="verify_Add_Employee_With_Authorization">
    <skipped/>
  </testcase> <!-- verify_Add_Employee_With_Authorization -->
  <testcase classname="in.task_erp_api.testcases.EmployeeFolderAPITestCases" name="verify_Update_Employee_With_Authorization">
    <skipped/>
  </testcase> <!-- verify_Update_Employee_With_Authorization -->
</testsuite> <!-- in.task_erp_api.testcases.EmployeeFolderAPITestCases -->
